  [1m[35m (158.0ms)[0m  [1m[35mCREATE DATABASE "mini_blog_development" ENCODING = 'unicode'[0m
  [1m[35m (49.7ms)[0m  [1m[35mCREATE DATABASE "mini_blog_test" ENCODING = 'unicode'[0m
  [1m[35m (17.8ms)[0m  [1m[35mCREATE TABLE "schema_migrations" ("version" character varying NOT NULL PRIMARY KEY)[0m
  [1m[35m (2.8ms)[0m  [1m[35mCREATE TABLE "ar_internal_metadata" ("key" character varying NOT NULL PRIMARY KEY, "value" character varying, "created_at" timestamp(6) NOT NULL, "updated_at" timestamp(6) NOT NULL)[0m
  [1m[35m (0.5ms)[0m  [1m[34mSELECT pg_try_advisory_lock(6776878858734176010)[0m
  [1m[36mActiveRecord::SchemaMigration Load (0.5ms)[0m  [1m[34mSELECT "schema_migrations"."version" FROM "schema_migrations" ORDER BY "schema_migrations"."version" ASC[0m
  [1m[36mActiveRecord::InternalMetadata Load (1.7ms)[0m  [1m[34mSELECT * FROM "ar_internal_metadata" WHERE "ar_internal_metadata"."key" = $1 ORDER BY "ar_internal_metadata"."key" ASC LIMIT 1[0m  [[nil, "environment"]]
  [1m[36mActiveRecord::InternalMetadata Create (0.9ms)[0m  [1m[32mINSERT INTO "ar_internal_metadata" ("key", "value", "created_at", "updated_at") VALUES ('environment', 'development', '2024-06-09 13:52:24.745505', '2024-06-09 13:52:24.745507') RETURNING "key"[0m
Migrating to DeviseCreateUsers (20240609135201)
  [1m[36mTRANSACTION (0.1ms)[0m  [1m[35mBEGIN[0m
  [1m[35m (5.4ms)[0m  [1m[35mCREATE TABLE "users" ("id" bigserial primary key, "email" character varying DEFAULT '' NOT NULL, "encrypted_password" character varying DEFAULT '' NOT NULL, "reset_password_token" character varying, "reset_password_sent_at" timestamp(6), "remember_created_at" timestamp(6), "created_at" timestamp(6) NOT NULL, "updated_at" timestamp(6) NOT NULL)[0m
  [1m[35m (1.2ms)[0m  [1m[35mCREATE UNIQUE INDEX "index_users_on_email" ON "users" ("email")[0m
  [1m[35m (0.7ms)[0m  [1m[35mCREATE UNIQUE INDEX "index_users_on_reset_password_token" ON "users" ("reset_password_token")[0m
  [1m[36mActiveRecord::SchemaMigration Create (0.4ms)[0m  [1m[32mINSERT INTO "schema_migrations" ("version") VALUES ('20240609135201') RETURNING "version"[0m
  [1m[36mTRANSACTION (0.2ms)[0m  [1m[35mCOMMIT[0m
  [1m[35m (0.3ms)[0m  [1m[34mSELECT pg_advisory_unlock(6776878858734176010)[0m
  [1m[36mActiveRecord::SchemaMigration Load (0.1ms)[0m  [1m[34mSELECT "schema_migrations"."version" FROM "schema_migrations" ORDER BY "schema_migrations"."version" ASC[0m
  [1m[35m (0.2ms)[0m  [1m[34mSELECT pg_try_advisory_lock(6776878858734176010)[0m
  [1m[36mActiveRecord::SchemaMigration Load (1.0ms)[0m  [1m[34mSELECT "schema_migrations"."version" FROM "schema_migrations" ORDER BY "schema_migrations"."version" ASC[0m
  [1m[36mActiveRecord::InternalMetadata Load (1.0ms)[0m  [1m[34mSELECT * FROM "ar_internal_metadata" WHERE "ar_internal_metadata"."key" = $1 ORDER BY "ar_internal_metadata"."key" ASC LIMIT 1[0m  [[nil, "environment"]]
Migrating to CreateBlogPosts (20240609135332)
  [1m[36mTRANSACTION (0.1ms)[0m  [1m[35mBEGIN[0m
  [1m[35m (12.8ms)[0m  [1m[35mCREATE TABLE "blog_posts" ("id" bigserial primary key, "title" character varying, "content" text, "user_id" bigint NOT NULL, "created_at" timestamp(6) NOT NULL, "updated_at" timestamp(6) NOT NULL, CONSTRAINT "fk_rails_829fc99162"
FOREIGN KEY ("user_id")
  REFERENCES "users" ("id")
)[0m
  [1m[35m (1.2ms)[0m  [1m[35mCREATE INDEX "index_blog_posts_on_user_id" ON "blog_posts" ("user_id")[0m
  [1m[36mActiveRecord::SchemaMigration Create (0.3ms)[0m  [1m[32mINSERT INTO "schema_migrations" ("version") VALUES ('20240609135332') RETURNING "version"[0m
  [1m[36mTRANSACTION (0.4ms)[0m  [1m[35mCOMMIT[0m
  [1m[35m (0.5ms)[0m  [1m[34mSELECT pg_advisory_unlock(6776878858734176010)[0m
  [1m[36mActiveRecord::SchemaMigration Load (0.2ms)[0m  [1m[34mSELECT "schema_migrations"."version" FROM "schema_migrations" ORDER BY "schema_migrations"."version" ASC[0m
  [1m[35m (0.3ms)[0m  [1m[34mSELECT pg_try_advisory_lock(6776878858734176010)[0m
  [1m[36mActiveRecord::SchemaMigration Load (1.2ms)[0m  [1m[34mSELECT "schema_migrations"."version" FROM "schema_migrations" ORDER BY "schema_migrations"."version" ASC[0m
  [1m[36mActiveRecord::InternalMetadata Load (0.8ms)[0m  [1m[34mSELECT * FROM "ar_internal_metadata" WHERE "ar_internal_metadata"."key" = $1 ORDER BY "ar_internal_metadata"."key" ASC LIMIT 1[0m  [[nil, "environment"]]
Migrating to AddImageUrlToBlogPosts (20240609140255)
  [1m[36mTRANSACTION (0.1ms)[0m  [1m[35mBEGIN[0m
  [1m[35m (2.7ms)[0m  [1m[35mALTER TABLE "blog_posts" ADD "image_url" character varying[0m
  [1m[36mActiveRecord::SchemaMigration Create (0.2ms)[0m  [1m[32mINSERT INTO "schema_migrations" ("version") VALUES ('20240609140255') RETURNING "version"[0m
  [1m[36mTRANSACTION (0.9ms)[0m  [1m[35mCOMMIT[0m
  [1m[35m (0.1ms)[0m  [1m[34mSELECT pg_advisory_unlock(6776878858734176010)[0m
  [1m[36mActiveRecord::SchemaMigration Load (0.2ms)[0m  [1m[34mSELECT "schema_migrations"."version" FROM "schema_migrations" ORDER BY "schema_migrations"."version" ASC[0m
Started GET "/" for 127.0.0.1 at 2024-06-09 19:40:40 +0530
  [1m[36mActiveRecord::SchemaMigration Load (0.7ms)[0m  [1m[34mSELECT "schema_migrations"."version" FROM "schema_migrations" ORDER BY "schema_migrations"."version" ASC[0m
Processing by WelcomeController#index as HTML
  Rendering layout layouts/application.html.erb
  Rendering welcome/index.html.erb within layouts/application
  Rendered welcome/index.html.erb within layouts/application (Duration: 0.3ms | Allocations: 170)
  Rendered layout layouts/application.html.erb (Duration: 1115.6ms | Allocations: 100783)
Completed 200 OK in 1144ms (Views: 1123.6ms | ActiveRecord: 0.0ms | Allocations: 110910)


Started GET "/users/sign_in" for 127.0.0.1 at 2024-06-09 19:40:43 +0530
Processing by Devise::SessionsController#new as HTML
  Rendering layout layouts/application.html.erb
  Rendering /Users/praveenrakhecha/.rvm/gems/ruby-3.0.0/gems/devise-4.9.4/app/views/devise/sessions/new.html.erb within layouts/application
  Rendered /Users/praveenrakhecha/.rvm/gems/ruby-3.0.0/gems/devise-4.9.4/app/views/devise/shared/_links.html.erb (Duration: 0.4ms | Allocations: 621)
  Rendered /Users/praveenrakhecha/.rvm/gems/ruby-3.0.0/gems/devise-4.9.4/app/views/devise/sessions/new.html.erb within layouts/application (Duration: 6.4ms | Allocations: 4838)
  Rendered layout layouts/application.html.erb (Duration: 7.3ms | Allocations: 6185)
Completed 200 OK in 163ms (Views: 9.4ms | ActiveRecord: 27.9ms | Allocations: 124918)


Started GET "/users/sign_up" for 127.0.0.1 at 2024-06-09 19:40:46 +0530
Processing by Devise::RegistrationsController#new as HTML
  Rendering layout layouts/application.html.erb
  Rendering /Users/praveenrakhecha/.rvm/gems/ruby-3.0.0/gems/devise-4.9.4/app/views/devise/registrations/new.html.erb within layouts/application
  Rendered /Users/praveenrakhecha/.rvm/gems/ruby-3.0.0/gems/devise-4.9.4/app/views/devise/shared/_error_messages.html.erb (Duration: 0.5ms | Allocations: 243)
  Rendered /Users/praveenrakhecha/.rvm/gems/ruby-3.0.0/gems/devise-4.9.4/app/views/devise/shared/_links.html.erb (Duration: 0.2ms | Allocations: 87)
  Rendered /Users/praveenrakhecha/.rvm/gems/ruby-3.0.0/gems/devise-4.9.4/app/views/devise/registrations/new.html.erb within layouts/application (Duration: 4.2ms | Allocations: 1726)
  Rendered layout layouts/application.html.erb (Duration: 6.5ms | Allocations: 2995)
Completed 200 OK in 11ms (Views: 8.8ms | ActiveRecord: 0.0ms | Allocations: 3950)


Started GET "/users/sign_in" for 127.0.0.1 at 2024-06-09 19:40:54 +0530
Processing by Devise::SessionsController#new as HTML
  Rendering layout layouts/application.html.erb
  Rendering /Users/praveenrakhecha/.rvm/gems/ruby-3.0.0/gems/devise-4.9.4/app/views/devise/sessions/new.html.erb within layouts/application
  Rendered /Users/praveenrakhecha/.rvm/gems/ruby-3.0.0/gems/devise-4.9.4/app/views/devise/shared/_links.html.erb (Duration: 0.3ms | Allocations: 126)
  Rendered /Users/praveenrakhecha/.rvm/gems/ruby-3.0.0/gems/devise-4.9.4/app/views/devise/sessions/new.html.erb within layouts/application (Duration: 2.7ms | Allocations: 942)
  Rendered layout layouts/application.html.erb (Duration: 6.7ms | Allocations: 2208)
Completed 200 OK in 10ms (Views: 7.6ms | ActiveRecord: 0.0ms | Allocations: 2914)


Started POST "/users" for 127.0.0.1 at 2024-06-09 19:40:55 +0530
Processing by Devise::RegistrationsController#create as TURBO_STREAM
  Parameters: {"authenticity_token"=>"[FILTERED]", "user"=>{"email"=>"rakecha11@gmail.com", "password"=>"[FILTERED]", "password_confirmation"=>"[FILTERED]"}, "commit"=>"Sign up"}
  [1m[36mTRANSACTION (0.2ms)[0m  [1m[35mBEGIN[0m
  [1m[36mUser Exists? (3.5ms)[0m  [1m[34mSELECT 1 AS one FROM "users" WHERE "users"."email" = $1 LIMIT $2[0m  [["email", "rakecha11@gmail.com"], ["LIMIT", 1]]
  [1m[36mUser Create (2.9ms)[0m  [1m[32mINSERT INTO "users" ("email", "encrypted_password", "reset_password_token", "reset_password_sent_at", "remember_created_at", "created_at", "updated_at") VALUES ($1, $2, $3, $4, $5, $6, $7) RETURNING "id"[0m  [["email", "rakecha11@gmail.com"], ["encrypted_password", "[FILTERED]"], ["reset_password_token", "[FILTERED]"], ["reset_password_sent_at", "[FILTERED]"], ["remember_created_at", nil], ["created_at", "2024-06-09 14:10:56.145057"], ["updated_at", "2024-06-09 14:10:56.145057"]]
  [1m[36mTRANSACTION (2.5ms)[0m  [1m[35mCOMMIT[0m
Redirected to http://127.0.0.1:3000/
Completed 303 See Other in 759ms (ActiveRecord: 9.1ms | Allocations: 15400)


Started GET "/" for 127.0.0.1 at 2024-06-09 19:40:56 +0530
Processing by WelcomeController#index as TURBO_STREAM
  Rendering layout layouts/application.html.erb
  Rendering welcome/index.html.erb within layouts/application
  Rendered welcome/index.html.erb within layouts/application (Duration: 0.0ms | Allocations: 7)
  [1m[36mUser Load (0.2ms)[0m  [1m[34mSELECT "users".* FROM "users" WHERE "users"."id" = $1 ORDER BY "users"."id" ASC LIMIT $2[0m  [["id", 1], ["LIMIT", 1]]
  ↳ app/views/layouts/application.html.erb:15
  Rendered layout layouts/application.html.erb (Duration: 2.7ms | Allocations: 3015)
Completed 200 OK in 3ms (Views: 2.6ms | ActiveRecord: 0.3ms | Allocations: 3370)


Started GET "/blog_posts" for 127.0.0.1 at 2024-06-09 19:41:28 +0530
Processing by BlogPostsController#index as HTML
Completed 406 Not Acceptable in 17ms (ActiveRecord: 0.0ms | Allocations: 3691)


  
ActionController::MissingExactTemplate (BlogPostsController#index is missing a template for request formats: text/html):
  
actionpack (7.1.3.4) lib/action_controller/metal/implicit_render.rb:47:in `default_render'
actionpack (7.1.3.4) lib/action_controller/metal/basic_implicit_render.rb:7:in `send_action'
actionpack (7.1.3.4) lib/abstract_controller/base.rb:224:in `process_action'
actionpack (7.1.3.4) lib/action_controller/metal/rendering.rb:165:in `process_action'
actionpack (7.1.3.4) lib/abstract_controller/callbacks.rb:259:in `block in process_action'
activesupport (7.1.3.4) lib/active_support/callbacks.rb:121:in `block in run_callbacks'
turbo-rails (2.0.5) lib/turbo-rails.rb:24:in `with_request_id'
turbo-rails (2.0.5) app/controllers/concerns/turbo/request_id_tracking.rb:10:in `turbo_tracking_request_id'
activesupport (7.1.3.4) lib/active_support/callbacks.rb:130:in `block in run_callbacks'
actiontext (7.1.3.4) lib/action_text/rendering.rb:23:in `with_renderer'
actiontext (7.1.3.4) lib/action_text/engine.rb:69:in `block (4 levels) in <class:Engine>'
activesupport (7.1.3.4) lib/active_support/callbacks.rb:130:in `instance_exec'
activesupport (7.1.3.4) lib/active_support/callbacks.rb:130:in `block in run_callbacks'
activesupport (7.1.3.4) lib/active_support/callbacks.rb:141:in `run_callbacks'
actionpack (7.1.3.4) lib/abstract_controller/callbacks.rb:258:in `process_action'
actionpack (7.1.3.4) lib/action_controller/metal/rescue.rb:25:in `process_action'
actionpack (7.1.3.4) lib/action_controller/metal/instrumentation.rb:74:in `block in process_action'
activesupport (7.1.3.4) lib/active_support/notifications.rb:206:in `block in instrument'
activesupport (7.1.3.4) lib/active_support/notifications/instrumenter.rb:58:in `instrument'
activesupport (7.1.3.4) lib/active_support/notifications.rb:206:in `instrument'
actionpack (7.1.3.4) lib/action_controller/metal/instrumentation.rb:73:in `process_action'
actionpack (7.1.3.4) lib/action_controller/metal/params_wrapper.rb:261:in `process_action'
activerecord (7.1.3.4) lib/active_record/railties/controller_runtime.rb:32:in `process_action'
actionpack (7.1.3.4) lib/abstract_controller/base.rb:160:in `process'
actionview (7.1.3.4) lib/action_view/rendering.rb:40:in `process'
actionpack (7.1.3.4) lib/action_controller/metal.rb:227:in `dispatch'
actionpack (7.1.3.4) lib/action_controller/metal.rb:309:in `dispatch'
actionpack (7.1.3.4) lib/action_dispatch/routing/route_set.rb:49:in `dispatch'
actionpack (7.1.3.4) lib/action_dispatch/routing/route_set.rb:32:in `serve'
actionpack (7.1.3.4) lib/action_dispatch/journey/router.rb:51:in `block in serve'
actionpack (7.1.3.4) lib/action_dispatch/journey/router.rb:131:in `block in find_routes'
actionpack (7.1.3.4) lib/action_dispatch/journey/router.rb:124:in `each'
actionpack (7.1.3.4) lib/action_dispatch/journey/router.rb:124:in `find_routes'
actionpack (7.1.3.4) lib/action_dispatch/journey/router.rb:32:in `serve'
actionpack (7.1.3.4) lib/action_dispatch/routing/route_set.rb:882:in `call'
warden (1.2.9) lib/warden/manager.rb:36:in `block in call'
warden (1.2.9) lib/warden/manager.rb:34:in `catch'
warden (1.2.9) lib/warden/manager.rb:34:in `call'
rack (3.0.11) lib/rack/tempfile_reaper.rb:20:in `call'
rack (3.0.11) lib/rack/etag.rb:29:in `call'
rack (3.0.11) lib/rack/conditional_get.rb:31:in `call'
rack (3.0.11) lib/rack/head.rb:15:in `call'
actionpack (7.1.3.4) lib/action_dispatch/http/permissions_policy.rb:36:in `call'
actionpack (7.1.3.4) lib/action_dispatch/http/content_security_policy.rb:33:in `call'
rack-session (2.0.0) lib/rack/session/abstract/id.rb:272:in `context'
rack-session (2.0.0) lib/rack/session/abstract/id.rb:266:in `call'
actionpack (7.1.3.4) lib/action_dispatch/middleware/cookies.rb:689:in `call'
activerecord (7.1.3.4) lib/active_record/migration.rb:655:in `call'
actionpack (7.1.3.4) lib/action_dispatch/middleware/callbacks.rb:29:in `block in call'
activesupport (7.1.3.4) lib/active_support/callbacks.rb:101:in `run_callbacks'
actionpack (7.1.3.4) lib/action_dispatch/middleware/callbacks.rb:28:in `call'
actionpack (7.1.3.4) lib/action_dispatch/middleware/executor.rb:14:in `call'
actionpack (7.1.3.4) lib/action_dispatch/middleware/actionable_exceptions.rb:16:in `call'
actionpack (7.1.3.4) lib/action_dispatch/middleware/debug_exceptions.rb:29:in `call'
web-console (4.2.1) lib/web_console/middleware.rb:132:in `call_app'
web-console (4.2.1) lib/web_console/middleware.rb:28:in `block in call'
web-console (4.2.1) lib/web_console/middleware.rb:17:in `catch'
web-console (4.2.1) lib/web_console/middleware.rb:17:in `call'
actionpack (7.1.3.4) lib/action_dispatch/middleware/show_exceptions.rb:31:in `call'
railties (7.1.3.4) lib/rails/rack/logger.rb:37:in `call_app'
railties (7.1.3.4) lib/rails/rack/logger.rb:24:in `block in call'
activesupport (7.1.3.4) lib/active_support/tagged_logging.rb:135:in `block in tagged'
activesupport (7.1.3.4) lib/active_support/tagged_logging.rb:39:in `tagged'
activesupport (7.1.3.4) lib/active_support/tagged_logging.rb:135:in `tagged'
activesupport (7.1.3.4) lib/active_support/broadcast_logger.rb:240:in `method_missing'
railties (7.1.3.4) lib/rails/rack/logger.rb:24:in `call'
sprockets-rails (3.5.1) lib/sprockets/rails/quiet_assets.rb:17:in `call'
actionpack (7.1.3.4) lib/action_dispatch/middleware/remote_ip.rb:92:in `call'
actionpack (7.1.3.4) lib/action_dispatch/middleware/request_id.rb:28:in `call'
rack (3.0.11) lib/rack/method_override.rb:28:in `call'
rack (3.0.11) lib/rack/runtime.rb:24:in `call'
activesupport (7.1.3.4) lib/active_support/cache/strategy/local_cache_middleware.rb:29:in `call'
actionpack (7.1.3.4) lib/action_dispatch/middleware/server_timing.rb:59:in `block in call'
actionpack (7.1.3.4) lib/action_dispatch/middleware/server_timing.rb:24:in `collect_events'
actionpack (7.1.3.4) lib/action_dispatch/middleware/server_timing.rb:58:in `call'
actionpack (7.1.3.4) lib/action_dispatch/middleware/executor.rb:14:in `call'
actionpack (7.1.3.4) lib/action_dispatch/middleware/static.rb:25:in `call'
rack (3.0.11) lib/rack/sendfile.rb:114:in `call'
actionpack (7.1.3.4) lib/action_dispatch/middleware/host_authorization.rb:141:in `call'
railties (7.1.3.4) lib/rails/engine.rb:536:in `call'
puma (6.4.2) lib/puma/configuration.rb:272:in `call'
puma (6.4.2) lib/puma/request.rb:100:in `block in handle_request'
puma (6.4.2) lib/puma/thread_pool.rb:378:in `with_force_shutdown'
puma (6.4.2) lib/puma/request.rb:99:in `handle_request'
puma (6.4.2) lib/puma/server.rb:464:in `process_client'
puma (6.4.2) lib/puma/server.rb:245:in `block in run'
puma (6.4.2) lib/puma/thread_pool.rb:155:in `block in spawn_thread'
Started GET "/" for 127.0.0.1 at 2024-06-09 19:41:30 +0530
Processing by WelcomeController#index as HTML
  Rendering layout layouts/application.html.erb
  Rendering welcome/index.html.erb within layouts/application
  Rendered welcome/index.html.erb within layouts/application (Duration: 0.1ms | Allocations: 7)
  [1m[36mUser Load (0.7ms)[0m  [1m[34mSELECT "users".* FROM "users" WHERE "users"."id" = $1 ORDER BY "users"."id" ASC LIMIT $2[0m  [["id", 1], ["LIMIT", 1]]
  ↳ app/views/layouts/application.html.erb:15
  Rendered layout layouts/application.html.erb (Duration: 11.1ms | Allocations: 2277)
Completed 200 OK in 14ms (Views: 11.7ms | ActiveRecord: 0.7ms | Allocations: 2579)


Started GET "/" for 127.0.0.1 at 2024-06-09 19:49:32 +0530
  [1m[36mActiveRecord::SchemaMigration Load (1.4ms)[0m  [1m[34mSELECT "schema_migrations"."version" FROM "schema_migrations" ORDER BY "schema_migrations"."version" ASC[0m
Processing by BlogPostsController#index as HTML
  [1m[36mUser Load (0.9ms)[0m  [1m[34mSELECT "users".* FROM "users" WHERE "users"."id" = $1 ORDER BY "users"."id" ASC LIMIT $2[0m  [["id", 1], ["LIMIT", 1]]
  Rendering layout layouts/application.html.erb
  Rendering blog_posts/index.html.erb within layouts/application
  [1m[36mBlogPost Load (1.0ms)[0m  [1m[34mSELECT "blog_posts".* FROM "blog_posts"[0m
  ↳ app/views/blog_posts/index.html.erb:3
  Rendered blog_posts/index.html.erb within layouts/application (Duration: 1.8ms | Allocations: 993)
  Rendered layout layouts/application.html.erb (Duration: 596.1ms | Allocations: 100677)
Completed 200 OK in 696ms (Views: 597.7ms | ActiveRecord: 19.2ms | Allocations: 232569)


Started GET "/blog_posts/new" for 127.0.0.1 at 2024-06-09 19:49:36 +0530
Processing by BlogPostsController#new as HTML
  [1m[36mUser Load (0.4ms)[0m  [1m[34mSELECT "users".* FROM "users" WHERE "users"."id" = $1 ORDER BY "users"."id" ASC LIMIT $2[0m  [["id", 1], ["LIMIT", 1]]
  Rendering layout layouts/application.html.erb
  Rendering blog_posts/new.html.erb within layouts/application
  Rendered blog_posts/new.html.erb within layouts/application (Duration: 2.7ms | Allocations: 2162)
  Rendered layout layouts/application.html.erb (Duration: 4.2ms | Allocations: 4855)
Completed 200 OK in 108ms (Views: 4.5ms | ActiveRecord: 16.2ms | Allocations: 66139)


Started POST "/blog_posts" for 127.0.0.1 at 2024-06-09 19:49:40 +0530
Processing by BlogPostsController#create as HTML
  Parameters: {"authenticity_token"=>"[FILTERED]", "blog_post"=>{"title"=>"Alex", "content"=>"asdasd"}, "commit"=>"Create Blog post"}
  [1m[36mUser Load (0.3ms)[0m  [1m[34mSELECT "users".* FROM "users" WHERE "users"."id" = $1 ORDER BY "users"."id" ASC LIMIT $2[0m  [["id", 1], ["LIMIT", 1]]
  [1m[36mTRANSACTION (0.3ms)[0m  [1m[35mBEGIN[0m
  ↳ app/controllers/blog_posts_controller.rb:18:in `create'
  [1m[36mBlogPost Create (6.7ms)[0m  [1m[32mINSERT INTO "blog_posts" ("title", "content", "user_id", "created_at", "updated_at", "image_url") VALUES ($1, $2, $3, $4, $5, $6) RETURNING "id"[0m  [["title", "Alex"], ["content", "asdasd"], ["user_id", 1], ["created_at", "2024-06-09 14:19:41.659759"], ["updated_at", "2024-06-09 14:19:41.659759"], ["image_url", "https://images.unsplash.com/photo-1587482283211-89bcb00079a8?crop=entropy&cs=tinysrgb&fit=max&fm=jpg&ixid=M3w2MjA3NDh8MHwxfHNlYXJjaHwxfHxBbGV4fGVufDB8fHx8MTcxNzk0Mjc4MXww&ixlib=rb-4.0.3&q=80&w=1080&utm_source=MiniBlog&utm_medium=referral&utm_campaign=api-credit"]]
  ↳ app/controllers/blog_posts_controller.rb:18:in `create'
  [1m[36mTRANSACTION (1.9ms)[0m  [1m[35mCOMMIT[0m
  ↳ app/controllers/blog_posts_controller.rb:18:in `create'
Redirected to http://127.0.0.1:3000/blog_posts/1
Completed 302 Found in 1065ms (ActiveRecord: 9.1ms | Allocations: 24530)


Started GET "/blog_posts/1" for 127.0.0.1 at 2024-06-09 19:49:41 +0530
Processing by BlogPostsController#show as HTML
  Parameters: {"id"=>"1"}
  [1m[36mUser Load (0.3ms)[0m  [1m[34mSELECT "users".* FROM "users" WHERE "users"."id" = $1 ORDER BY "users"."id" ASC LIMIT $2[0m  [["id", 1], ["LIMIT", 1]]
  [1m[36mBlogPost Load (0.3ms)[0m  [1m[34mSELECT "blog_posts".* FROM "blog_posts" WHERE "blog_posts"."id" = $1 LIMIT $2[0m  [["id", 1], ["LIMIT", 1]]
  ↳ app/controllers/blog_posts_controller.rb:44:in `set_blog_post'
  Rendering layout layouts/application.html.erb
  Rendering blog_posts/show.html.erb within layouts/application
  Rendered blog_posts/show.html.erb within layouts/application (Duration: 1.0ms | Allocations: 429)
  Rendered layout layouts/application.html.erb (Duration: 4.3ms | Allocations: 3120)
Completed 200 OK in 11ms (Views: 4.8ms | ActiveRecord: 0.6ms | Allocations: 6023)


Started GET "/users/sign_out" for 127.0.0.1 at 2024-06-09 19:49:47 +0530
  
ActionController::RoutingError (No route matches [GET] "/users/sign_out"):
  
Started GET "/" for 127.0.0.1 at 2024-06-09 19:51:45 +0530
  [1m[36mActiveRecord::SchemaMigration Load (1.0ms)[0m  [1m[34mSELECT "schema_migrations"."version" FROM "schema_migrations" ORDER BY "schema_migrations"."version" ASC[0m
Processing by BlogPostsController#index as HTML
  [1m[36mUser Load (0.4ms)[0m  [1m[34mSELECT "users".* FROM "users" WHERE "users"."id" = $1 ORDER BY "users"."id" ASC LIMIT $2[0m  [["id", 1], ["LIMIT", 1]]
  Rendering layout layouts/application.html.erb
  Rendering blog_posts/index.html.erb within layouts/application
  [1m[36mBlogPost Load (0.9ms)[0m  [1m[34mSELECT "blog_posts".* FROM "blog_posts"[0m
  ↳ app/views/blog_posts/index.html.erb:3
  Rendered blog_posts/index.html.erb within layouts/application (Duration: 48.4ms | Allocations: 52764)
  Rendered layout layouts/application.html.erb (Duration: 65.7ms | Allocations: 75780)
Completed 200 OK in 117ms (Views: 62.7ms | ActiveRecord: 15.1ms | Allocations: 207623)


Started GET "/" for 127.0.0.1 at 2024-06-09 19:51:47 +0530
Processing by BlogPostsController#index as HTML
  [1m[36mUser Load (0.4ms)[0m  [1m[34mSELECT "users".* FROM "users" WHERE "users"."id" = $1 ORDER BY "users"."id" ASC LIMIT $2[0m  [["id", 1], ["LIMIT", 1]]
  Rendering layout layouts/application.html.erb
  Rendering blog_posts/index.html.erb within layouts/application
  [1m[36mBlogPost Load (0.3ms)[0m  [1m[34mSELECT "blog_posts".* FROM "blog_posts"[0m
  ↳ app/views/blog_posts/index.html.erb:3
  Rendered blog_posts/index.html.erb within layouts/application (Duration: 1.6ms | Allocations: 629)
  Rendered layout layouts/application.html.erb (Duration: 6.5ms | Allocations: 3319)
Completed 200 OK in 13ms (Views: 7.0ms | ActiveRecord: 0.6ms | Allocations: 4974)


Started GET "/" for 127.0.0.1 at 2024-06-09 19:51:48 +0530
Processing by BlogPostsController#index as HTML
  [1m[36mUser Load (0.3ms)[0m  [1m[34mSELECT "users".* FROM "users" WHERE "users"."id" = $1 ORDER BY "users"."id" ASC LIMIT $2[0m  [["id", 1], ["LIMIT", 1]]
  Rendering layout layouts/application.html.erb
  Rendering blog_posts/index.html.erb within layouts/application
  [1m[36mBlogPost Load (0.2ms)[0m  [1m[34mSELECT "blog_posts".* FROM "blog_posts"[0m
  ↳ app/views/blog_posts/index.html.erb:3
  Rendered blog_posts/index.html.erb within layouts/application (Duration: 1.3ms | Allocations: 628)
  Rendered layout layouts/application.html.erb (Duration: 7.2ms | Allocations: 3318)
Completed 200 OK in 11ms (Views: 7.6ms | ActiveRecord: 0.5ms | Allocations: 4953)


Started GET "/blog_posts/new" for 127.0.0.1 at 2024-06-09 19:51:49 +0530
Processing by BlogPostsController#new as HTML
  [1m[36mUser Load (0.3ms)[0m  [1m[34mSELECT "users".* FROM "users" WHERE "users"."id" = $1 ORDER BY "users"."id" ASC LIMIT $2[0m  [["id", 1], ["LIMIT", 1]]
  Rendering layout layouts/application.html.erb
  Rendering blog_posts/new.html.erb within layouts/application
  Rendered blog_posts/new.html.erb within layouts/application (Duration: 5.3ms | Allocations: 2080)
  Rendered layout layouts/application.html.erb (Duration: 8.6ms | Allocations: 4746)
Completed 200 OK in 25ms (Views: 9.3ms | ActiveRecord: 0.3ms | Allocations: 11797)


Started POST "/blog_posts" for 127.0.0.1 at 2024-06-09 19:51:53 +0530
Processing by BlogPostsController#create as HTML
  Parameters: {"authenticity_token"=>"[FILTERED]", "blog_post"=>{"title"=>"iusdhbfas", "content"=>"sfasasfasf"}, "commit"=>"Create Blog post"}
  [1m[36mUser Load (0.2ms)[0m  [1m[34mSELECT "users".* FROM "users" WHERE "users"."id" = $1 ORDER BY "users"."id" ASC LIMIT $2[0m  [["id", 1], ["LIMIT", 1]]
  [1m[36mTRANSACTION (0.3ms)[0m  [1m[35mBEGIN[0m
  ↳ app/controllers/blog_posts_controller.rb:18:in `create'
  [1m[36mBlogPost Create (4.2ms)[0m  [1m[32mINSERT INTO "blog_posts" ("title", "content", "user_id", "created_at", "updated_at", "image_url") VALUES ($1, $2, $3, $4, $5, $6) RETURNING "id"[0m  [["title", "iusdhbfas"], ["content", "sfasasfasf"], ["user_id", 1], ["created_at", "2024-06-09 14:21:54.042182"], ["updated_at", "2024-06-09 14:21:54.042182"], ["image_url", nil]]
  ↳ app/controllers/blog_posts_controller.rb:18:in `create'
  [1m[36mTRANSACTION (3.5ms)[0m  [1m[35mCOMMIT[0m
  ↳ app/controllers/blog_posts_controller.rb:18:in `create'
Redirected to http://127.0.0.1:3000/blog_posts/2
Completed 302 Found in 842ms (ActiveRecord: 8.1ms | Allocations: 7404)


Started GET "/blog_posts/2" for 127.0.0.1 at 2024-06-09 19:51:54 +0530
Processing by BlogPostsController#show as HTML
  Parameters: {"id"=>"2"}
  [1m[36mUser Load (0.5ms)[0m  [1m[34mSELECT "users".* FROM "users" WHERE "users"."id" = $1 ORDER BY "users"."id" ASC LIMIT $2[0m  [["id", 1], ["LIMIT", 1]]
  [1m[36mBlogPost Load (0.3ms)[0m  [1m[34mSELECT "blog_posts".* FROM "blog_posts" WHERE "blog_posts"."id" = $1 LIMIT $2[0m  [["id", 2], ["LIMIT", 1]]
  ↳ app/controllers/blog_posts_controller.rb:44:in `set_blog_post'
  Rendering layout layouts/application.html.erb
  Rendering blog_posts/show.html.erb within layouts/application
  Rendered blog_posts/show.html.erb within layouts/application (Duration: 1.7ms | Allocations: 417)
  Rendered layout layouts/application.html.erb (Duration: 6.9ms | Allocations: 3108)
Completed 200 OK in 18ms (Views: 7.7ms | ActiveRecord: 0.8ms | Allocations: 5997)


Started GET "/blog_posts/new" for 127.0.0.1 at 2024-06-09 19:52:00 +0530
Processing by BlogPostsController#new as HTML
  [1m[36mUser Load (0.2ms)[0m  [1m[34mSELECT "users".* FROM "users" WHERE "users"."id" = $1 ORDER BY "users"."id" ASC LIMIT $2[0m  [["id", 1], ["LIMIT", 1]]
  Rendering layout layouts/application.html.erb
  Rendering blog_posts/new.html.erb within layouts/application
  Rendered blog_posts/new.html.erb within layouts/application (Duration: 1.6ms | Allocations: 629)
  Rendered layout layouts/application.html.erb (Duration: 6.3ms | Allocations: 3296)
Completed 200 OK in 11ms (Views: 7.0ms | ActiveRecord: 0.2ms | Allocations: 5142)


Started POST "/blog_posts" for 127.0.0.1 at 2024-06-09 19:52:05 +0530
Processing by BlogPostsController#create as HTML
  Parameters: {"authenticity_token"=>"[FILTERED]", "blog_post"=>{"title"=>"Cool", "content"=>"Test"}, "commit"=>"Create Blog post"}
  [1m[36mUser Load (0.2ms)[0m  [1m[34mSELECT "users".* FROM "users" WHERE "users"."id" = $1 ORDER BY "users"."id" ASC LIMIT $2[0m  [["id", 1], ["LIMIT", 1]]
  [1m[36mTRANSACTION (0.2ms)[0m  [1m[35mBEGIN[0m
  ↳ app/controllers/blog_posts_controller.rb:18:in `create'
  [1m[36mBlogPost Create (2.8ms)[0m  [1m[32mINSERT INTO "blog_posts" ("title", "content", "user_id", "created_at", "updated_at", "image_url") VALUES ($1, $2, $3, $4, $5, $6) RETURNING "id"[0m  [["title", "Cool"], ["content", "Test"], ["user_id", 1], ["created_at", "2024-06-09 14:22:06.347284"], ["updated_at", "2024-06-09 14:22:06.347284"], ["image_url", "https://images.unsplash.com/photo-1498036882173-b41c28a8ba34?crop=entropy&cs=tinysrgb&fit=max&fm=jpg&ixid=M3w2MjA3NDh8MHwxfHNlYXJjaHwxfHxDb29sfGVufDB8fHx8MTcxNzk0MjkyNnww&ixlib=rb-4.0.3&q=80&w=1080&utm_source=MiniBlog&utm_medium=referral&utm_campaign=api-credit"]]
  ↳ app/controllers/blog_posts_controller.rb:18:in `create'
  [1m[36mTRANSACTION (0.6ms)[0m  [1m[35mCOMMIT[0m
  ↳ app/controllers/blog_posts_controller.rb:18:in `create'
Redirected to http://127.0.0.1:3000/blog_posts/3
Completed 302 Found in 642ms (ActiveRecord: 3.7ms | Allocations: 27718)


Started GET "/blog_posts/3" for 127.0.0.1 at 2024-06-09 19:52:06 +0530
Processing by BlogPostsController#show as HTML
  Parameters: {"id"=>"3"}
  [1m[36mUser Load (0.2ms)[0m  [1m[34mSELECT "users".* FROM "users" WHERE "users"."id" = $1 ORDER BY "users"."id" ASC LIMIT $2[0m  [["id", 1], ["LIMIT", 1]]
  [1m[36mBlogPost Load (0.3ms)[0m  [1m[34mSELECT "blog_posts".* FROM "blog_posts" WHERE "blog_posts"."id" = $1 LIMIT $2[0m  [["id", 3], ["LIMIT", 1]]
  ↳ app/controllers/blog_posts_controller.rb:44:in `set_blog_post'
  Rendering layout layouts/application.html.erb
  Rendering blog_posts/show.html.erb within layouts/application
  Rendered blog_posts/show.html.erb within layouts/application (Duration: 0.4ms | Allocations: 132)
  Rendered layout layouts/application.html.erb (Duration: 4.6ms | Allocations: 2822)
Completed 200 OK in 10ms (Views: 5.2ms | ActiveRecord: 0.5ms | Allocations: 4996)


Started GET "/test" for ::1 at 2024-06-09 19:54:00 +0530
  [1m[36mActiveRecord::SchemaMigration Load (0.7ms)[0m  [1m[34mSELECT "schema_migrations"."version" FROM "schema_migrations" ORDER BY "schema_migrations"."version" ASC[0m
Processing by BlogPostsController#test as HTML
Completed 401 Unauthorized in 4ms (ActiveRecord: 0.0ms | Allocations: 4198)


Started GET "/users/sign_in" for ::1 at 2024-06-09 19:54:01 +0530
Processing by Devise::SessionsController#new as HTML
  Rendering layout layouts/application.html.erb
  Rendering /Users/praveenrakhecha/.rvm/gems/ruby-3.0.0/gems/devise-4.9.4/app/views/devise/sessions/new.html.erb within layouts/application
  Rendered /Users/praveenrakhecha/.rvm/gems/ruby-3.0.0/gems/devise-4.9.4/app/views/devise/shared/_links.html.erb (Duration: 0.4ms | Allocations: 629)
  Rendered /Users/praveenrakhecha/.rvm/gems/ruby-3.0.0/gems/devise-4.9.4/app/views/devise/sessions/new.html.erb within layouts/application (Duration: 4.9ms | Allocations: 3507)
  Rendered layout layouts/application.html.erb (Duration: 1196.2ms | Allocations: 159521)
Completed 200 OK in 1244ms (Views: 1200.8ms | ActiveRecord: 15.2ms | Allocations: 278490)


Started GET "/" for ::1 at 2024-06-09 19:54:19 +0530
  [1m[36mActiveRecord::SchemaMigration Load (0.7ms)[0m  [1m[34mSELECT "schema_migrations"."version" FROM "schema_migrations" ORDER BY "schema_migrations"."version" ASC[0m
Processing by BlogPostsController#index as HTML
Completed 401 Unauthorized in 6ms (ActiveRecord: 0.0ms | Allocations: 6316)


Started GET "/users/sign_in" for ::1 at 2024-06-09 19:54:19 +0530
Processing by Devise::SessionsController#new as HTML
  Rendering layout layouts/application.html.erb
  Rendering /Users/praveenrakhecha/.rvm/gems/ruby-3.0.0/gems/devise-4.9.4/app/views/devise/sessions/new.html.erb within layouts/application
  Rendered /Users/praveenrakhecha/.rvm/gems/ruby-3.0.0/gems/devise-4.9.4/app/views/devise/shared/_links.html.erb (Duration: 0.3ms | Allocations: 629)
  Rendered /Users/praveenrakhecha/.rvm/gems/ruby-3.0.0/gems/devise-4.9.4/app/views/devise/sessions/new.html.erb within layouts/application (Duration: 3.7ms | Allocations: 3500)
  Rendered layout layouts/application.html.erb (Duration: 64.2ms | Allocations: 35439)
Completed 200 OK in 134ms (Views: 68.7ms | ActiveRecord: 15.4ms | Allocations: 153672)


Started GET "/users/sign_in" for ::1 at 2024-06-09 19:54:20 +0530
Processing by Devise::SessionsController#new as HTML
  Rendering layout layouts/application.html.erb
  Rendering /Users/praveenrakhecha/.rvm/gems/ruby-3.0.0/gems/devise-4.9.4/app/views/devise/sessions/new.html.erb within layouts/application
  Rendered /Users/praveenrakhecha/.rvm/gems/ruby-3.0.0/gems/devise-4.9.4/app/views/devise/shared/_links.html.erb (Duration: 0.3ms | Allocations: 126)
  Rendered /Users/praveenrakhecha/.rvm/gems/ruby-3.0.0/gems/devise-4.9.4/app/views/devise/sessions/new.html.erb within layouts/application (Duration: 2.1ms | Allocations: 942)
  Rendered layout layouts/application.html.erb (Duration: 14.7ms | Allocations: 7054)
Completed 200 OK in 17ms (Views: 15.4ms | ActiveRecord: 0.0ms | Allocations: 7771)


Started GET "/users/sign_in" for ::1 at 2024-06-09 19:54:21 +0530
Processing by Devise::SessionsController#new as HTML
  Rendering layout layouts/application.html.erb
  Rendering /Users/praveenrakhecha/.rvm/gems/ruby-3.0.0/gems/devise-4.9.4/app/views/devise/sessions/new.html.erb within layouts/application
  Rendered /Users/praveenrakhecha/.rvm/gems/ruby-3.0.0/gems/devise-4.9.4/app/views/devise/shared/_links.html.erb (Duration: 0.2ms | Allocations: 126)
  Rendered /Users/praveenrakhecha/.rvm/gems/ruby-3.0.0/gems/devise-4.9.4/app/views/devise/sessions/new.html.erb within layouts/application (Duration: 3.3ms | Allocations: 942)
  Rendered layout layouts/application.html.erb (Duration: 13.5ms | Allocations: 7058)
Completed 200 OK in 16ms (Views: 14.3ms | ActiveRecord: 0.0ms | Allocations: 7772)


Started GET "/users/sign_in" for ::1 at 2024-06-09 19:54:21 +0530
Processing by Devise::SessionsController#new as HTML
  Rendering layout layouts/application.html.erb
  Rendering /Users/praveenrakhecha/.rvm/gems/ruby-3.0.0/gems/devise-4.9.4/app/views/devise/sessions/new.html.erb within layouts/application
  Rendered /Users/praveenrakhecha/.rvm/gems/ruby-3.0.0/gems/devise-4.9.4/app/views/devise/shared/_links.html.erb (Duration: 0.2ms | Allocations: 126)
  Rendered /Users/praveenrakhecha/.rvm/gems/ruby-3.0.0/gems/devise-4.9.4/app/views/devise/sessions/new.html.erb within layouts/application (Duration: 1.8ms | Allocations: 942)
  Rendered layout layouts/application.html.erb (Duration: 11.4ms | Allocations: 7056)
Completed 200 OK in 14ms (Views: 12.1ms | ActiveRecord: 0.0ms | Allocations: 7762)


Started GET "/users/sign_in" for ::1 at 2024-06-09 19:54:23 +0530
Processing by Devise::SessionsController#new as HTML
  Rendering layout layouts/application.html.erb
  Rendering /Users/praveenrakhecha/.rvm/gems/ruby-3.0.0/gems/devise-4.9.4/app/views/devise/sessions/new.html.erb within layouts/application
  Rendered /Users/praveenrakhecha/.rvm/gems/ruby-3.0.0/gems/devise-4.9.4/app/views/devise/shared/_links.html.erb (Duration: 0.2ms | Allocations: 126)
  Rendered /Users/praveenrakhecha/.rvm/gems/ruby-3.0.0/gems/devise-4.9.4/app/views/devise/sessions/new.html.erb within layouts/application (Duration: 1.6ms | Allocations: 942)
  Rendered layout layouts/application.html.erb (Duration: 12.1ms | Allocations: 7053)
Completed 200 OK in 14ms (Views: 12.7ms | ActiveRecord: 0.0ms | Allocations: 7750)


Started GET "/users/sign_up" for ::1 at 2024-06-09 19:54:24 +0530
Processing by Devise::RegistrationsController#new as HTML
  Rendering layout layouts/application.html.erb
  Rendering /Users/praveenrakhecha/.rvm/gems/ruby-3.0.0/gems/devise-4.9.4/app/views/devise/registrations/new.html.erb within layouts/application
  Rendered /Users/praveenrakhecha/.rvm/gems/ruby-3.0.0/gems/devise-4.9.4/app/views/devise/shared/_error_messages.html.erb (Duration: 0.5ms | Allocations: 243)
  Rendered /Users/praveenrakhecha/.rvm/gems/ruby-3.0.0/gems/devise-4.9.4/app/views/devise/shared/_links.html.erb (Duration: 0.3ms | Allocations: 86)
  Rendered /Users/praveenrakhecha/.rvm/gems/ruby-3.0.0/gems/devise-4.9.4/app/views/devise/registrations/new.html.erb within layouts/application (Duration: 4.4ms | Allocations: 1727)
  Rendered layout layouts/application.html.erb (Duration: 11.9ms | Allocations: 7842)
Completed 200 OK in 15ms (Views: 13.7ms | ActiveRecord: 0.0ms | Allocations: 8819)


Started GET "/users/sign_in" for ::1 at 2024-06-09 19:54:26 +0530
Processing by Devise::SessionsController#new as HTML
  Rendering layout layouts/application.html.erb
  Rendering /Users/praveenrakhecha/.rvm/gems/ruby-3.0.0/gems/devise-4.9.4/app/views/devise/sessions/new.html.erb within layouts/application
  Rendered /Users/praveenrakhecha/.rvm/gems/ruby-3.0.0/gems/devise-4.9.4/app/views/devise/shared/_links.html.erb (Duration: 0.2ms | Allocations: 126)
  Rendered /Users/praveenrakhecha/.rvm/gems/ruby-3.0.0/gems/devise-4.9.4/app/views/devise/sessions/new.html.erb within layouts/application (Duration: 1.7ms | Allocations: 942)
  Rendered layout layouts/application.html.erb (Duration: 13.3ms | Allocations: 7053)
Completed 200 OK in 15ms (Views: 13.9ms | ActiveRecord: 0.0ms | Allocations: 7749)


Started POST "/users/sign_in" for ::1 at 2024-06-09 19:54:31 +0530
Processing by Devise::SessionsController#create as HTML
  Parameters: {"authenticity_token"=>"[FILTERED]", "user"=>{"email"=>"rakecha11@gmail.com", "password"=>"[FILTERED]", "remember_me"=>"0"}, "commit"=>"Log in"}
  [1m[36mUser Load (0.7ms)[0m  [1m[34mSELECT "users".* FROM "users" WHERE "users"."email" = $1 ORDER BY "users"."id" ASC LIMIT $2[0m  [["email", "rakecha11@gmail.com"], ["LIMIT", 1]]
Redirected to http://localhost:3000/
Completed 303 See Other in 289ms (ActiveRecord: 0.8ms | Allocations: 9133)


Started GET "/" for ::1 at 2024-06-09 19:54:31 +0530
Processing by BlogPostsController#index as HTML
  [1m[36mUser Load (0.2ms)[0m  [1m[34mSELECT "users".* FROM "users" WHERE "users"."id" = $1 ORDER BY "users"."id" ASC LIMIT $2[0m  [["id", 1], ["LIMIT", 1]]
  Rendering layout layouts/application.html.erb
  Rendering blog_posts/index.html.erb within layouts/application
  [1m[36mBlogPost Load (0.8ms)[0m  [1m[34mSELECT "blog_posts".* FROM "blog_posts"[0m
  ↳ app/views/blog_posts/index.html.erb:3
  Rendered blog_posts/index.html.erb within layouts/application (Duration: 10.0ms | Allocations: 52702)
  Rendered layout layouts/application.html.erb (Duration: 13.3ms | Allocations: 58902)
Completed 200 OK in 18ms (Views: 10.7ms | ActiveRecord: 3.5ms | Allocations: 63480)


Started GET "/blog_posts/2" for ::1 at 2024-06-09 19:54:34 +0530
Processing by BlogPostsController#show as HTML
  Parameters: {"id"=>"2"}
  [1m[36mUser Load (0.2ms)[0m  [1m[34mSELECT "users".* FROM "users" WHERE "users"."id" = $1 ORDER BY "users"."id" ASC LIMIT $2[0m  [["id", 1], ["LIMIT", 1]]
  [1m[36mBlogPost Load (0.2ms)[0m  [1m[34mSELECT "blog_posts".* FROM "blog_posts" WHERE "blog_posts"."id" = $1 LIMIT $2[0m  [["id", 2], ["LIMIT", 1]]
  ↳ app/controllers/blog_posts_controller.rb:44:in `set_blog_post'
  Rendering layout layouts/application.html.erb
  Rendering blog_posts/show.html.erb within layouts/application
  Rendered blog_posts/show.html.erb within layouts/application (Duration: 1.2ms | Allocations: 437)
  Rendered layout layouts/application.html.erb (Duration: 11.5ms | Allocations: 6542)
Completed 200 OK in 19ms (Views: 12.1ms | ActiveRecord: 0.4ms | Allocations: 9444)


Started GET "/blog_posts/2" for ::1 at 2024-06-09 19:54:35 +0530
Processing by BlogPostsController#show as HTML
  Parameters: {"id"=>"2"}
  [1m[36mUser Load (11.5ms)[0m  [1m[34mSELECT "users".* FROM "users" WHERE "users"."id" = $1 ORDER BY "users"."id" ASC LIMIT $2[0m  [["id", 1], ["LIMIT", 1]]
  [1m[36mBlogPost Load (0.3ms)[0m  [1m[34mSELECT "blog_posts".* FROM "blog_posts" WHERE "blog_posts"."id" = $1 LIMIT $2[0m  [["id", 2], ["LIMIT", 1]]
  ↳ app/controllers/blog_posts_controller.rb:44:in `set_blog_post'
  Rendering layout layouts/application.html.erb
  Rendering blog_posts/show.html.erb within layouts/application
  Rendered blog_posts/show.html.erb within layouts/application (Duration: 0.3ms | Allocations: 127)
  Rendered layout layouts/application.html.erb (Duration: 11.0ms | Allocations: 6232)
Completed 200 OK in 28ms (Views: 11.7ms | ActiveRecord: 11.7ms | Allocations: 8405)


Started GET "/blog_posts/2" for ::1 at 2024-06-09 19:54:37 +0530
Processing by BlogPostsController#show as HTML
  Parameters: {"id"=>"2"}
  [1m[36mUser Load (0.3ms)[0m  [1m[34mSELECT "users".* FROM "users" WHERE "users"."id" = $1 ORDER BY "users"."id" ASC LIMIT $2[0m  [["id", 1], ["LIMIT", 1]]
  [1m[36mBlogPost Load (0.2ms)[0m  [1m[34mSELECT "blog_posts".* FROM "blog_posts" WHERE "blog_posts"."id" = $1 LIMIT $2[0m  [["id", 2], ["LIMIT", 1]]
  ↳ app/controllers/blog_posts_controller.rb:44:in `set_blog_post'
  Rendering layout layouts/application.html.erb
  Rendering blog_posts/show.html.erb within layouts/application
  Rendered blog_posts/show.html.erb within layouts/application (Duration: 0.3ms | Allocations: 127)
  Rendered layout layouts/application.html.erb (Duration: 10.8ms | Allocations: 6232)
Completed 200 OK in 16ms (Views: 11.3ms | ActiveRecord: 0.5ms | Allocations: 8386)


Started GET "/blog_posts/2" for ::1 at 2024-06-09 19:54:38 +0530
Processing by BlogPostsController#show as HTML
  Parameters: {"id"=>"2"}
  [1m[36mUser Load (0.2ms)[0m  [1m[34mSELECT "users".* FROM "users" WHERE "users"."id" = $1 ORDER BY "users"."id" ASC LIMIT $2[0m  [["id", 1], ["LIMIT", 1]]
  [1m[36mBlogPost Load (0.2ms)[0m  [1m[34mSELECT "blog_posts".* FROM "blog_posts" WHERE "blog_posts"."id" = $1 LIMIT $2[0m  [["id", 2], ["LIMIT", 1]]
  ↳ app/controllers/blog_posts_controller.rb:44:in `set_blog_post'
  Rendering layout layouts/application.html.erb
  Rendering blog_posts/show.html.erb within layouts/application
  Rendered blog_posts/show.html.erb within layouts/application (Duration: 0.5ms | Allocations: 127)
  Rendered layout layouts/application.html.erb (Duration: 11.4ms | Allocations: 6232)
Completed 200 OK in 17ms (Views: 12.0ms | ActiveRecord: 0.4ms | Allocations: 8378)


Started GET "/blog_posts/2" for ::1 at 2024-06-09 19:54:39 +0530
Processing by BlogPostsController#show as HTML
  Parameters: {"id"=>"2"}
  [1m[36mUser Load (0.2ms)[0m  [1m[34mSELECT "users".* FROM "users" WHERE "users"."id" = $1 ORDER BY "users"."id" ASC LIMIT $2[0m  [["id", 1], ["LIMIT", 1]]
  [1m[36mBlogPost Load (0.2ms)[0m  [1m[34mSELECT "blog_posts".* FROM "blog_posts" WHERE "blog_posts"."id" = $1 LIMIT $2[0m  [["id", 2], ["LIMIT", 1]]
  ↳ app/controllers/blog_posts_controller.rb:44:in `set_blog_post'
  Rendering layout layouts/application.html.erb
  Rendering blog_posts/show.html.erb within layouts/application
  Rendered blog_posts/show.html.erb within layouts/application (Duration: 0.4ms | Allocations: 127)
  Rendered layout layouts/application.html.erb (Duration: 12.4ms | Allocations: 6232)
Completed 200 OK in 19ms (Views: 13.0ms | ActiveRecord: 0.4ms | Allocations: 8392)


Started GET "/blog_posts/2/edit" for ::1 at 2024-06-09 19:54:39 +0530
Processing by BlogPostsController#edit as HTML
  Parameters: {"id"=>"2"}
  [1m[36mUser Load (0.2ms)[0m  [1m[34mSELECT "users".* FROM "users" WHERE "users"."id" = $1 ORDER BY "users"."id" ASC LIMIT $2[0m  [["id", 1], ["LIMIT", 1]]
  [1m[36mBlogPost Load (0.4ms)[0m  [1m[34mSELECT "blog_posts".* FROM "blog_posts" WHERE "blog_posts"."id" = $1 LIMIT $2[0m  [["id", 2], ["LIMIT", 1]]
  ↳ app/controllers/blog_posts_controller.rb:44:in `set_blog_post'
  Rendering layout layouts/application.html.erb
  Rendering blog_posts/edit.html.erb within layouts/application
  Rendered blog_posts/edit.html.erb within layouts/application (Duration: 3.5ms | Allocations: 1294)
  Rendered layout layouts/application.html.erb (Duration: 9.9ms | Allocations: 7386)
Completed 200 OK in 17ms (Views: 10.5ms | ActiveRecord: 0.5ms | Allocations: 9597)


Started PATCH "/blog_posts/2" for ::1 at 2024-06-09 19:54:48 +0530
Processing by BlogPostsController#update as HTML
  Parameters: {"authenticity_token"=>"[FILTERED]", "blog_post"=>{"title"=>"Praveen", "content"=>"NewYork"}, "commit"=>"Update Blog post", "id"=>"2"}
  [1m[36mUser Load (0.1ms)[0m  [1m[34mSELECT "users".* FROM "users" WHERE "users"."id" = $1 ORDER BY "users"."id" ASC LIMIT $2[0m  [["id", 1], ["LIMIT", 1]]
  [1m[36mBlogPost Load (0.1ms)[0m  [1m[34mSELECT "blog_posts".* FROM "blog_posts" WHERE "blog_posts"."id" = $1 LIMIT $2[0m  [["id", 2], ["LIMIT", 1]]
  ↳ app/controllers/blog_posts_controller.rb:44:in `set_blog_post'
  [1m[36mTRANSACTION (0.3ms)[0m  [1m[35mBEGIN[0m
  ↳ app/controllers/blog_posts_controller.rb:29:in `update'
  [1m[36mBlogPost Update (3.8ms)[0m  [1m[33mUPDATE "blog_posts" SET "title" = $1, "content" = $2, "updated_at" = $3, "image_url" = $4 WHERE "blog_posts"."id" = $5[0m  [["title", "Praveen"], ["content", "NewYork"], ["updated_at", "2024-06-09 14:24:48.783747"], ["image_url", "https://images.unsplash.com/photo-1624563031506-9868011ae03c?crop=entropy&cs=tinysrgb&fit=max&fm=jpg&ixid=M3w2MjA3NDh8MHwxfHNlYXJjaHwxfHxQcmF2ZWVufGVufDB8fHx8MTcxNzk0MzA4OHww&ixlib=rb-4.0.3&q=80&w=1080&utm_source=MiniBlog&utm_medium=referral&utm_campaign=api-credit"], ["id", 2]]
  ↳ app/controllers/blog_posts_controller.rb:29:in `update'
  [1m[36mTRANSACTION (1.6ms)[0m  [1m[35mCOMMIT[0m
  ↳ app/controllers/blog_posts_controller.rb:29:in `update'
Redirected to http://localhost:3000/blog_posts/2
Completed 302 Found in 522ms (ActiveRecord: 5.9ms | Allocations: 12494)


Started GET "/blog_posts/2" for ::1 at 2024-06-09 19:54:48 +0530
Processing by BlogPostsController#show as HTML
  Parameters: {"id"=>"2"}
  [1m[36mUser Load (0.2ms)[0m  [1m[34mSELECT "users".* FROM "users" WHERE "users"."id" = $1 ORDER BY "users"."id" ASC LIMIT $2[0m  [["id", 1], ["LIMIT", 1]]
  [1m[36mBlogPost Load (0.1ms)[0m  [1m[34mSELECT "blog_posts".* FROM "blog_posts" WHERE "blog_posts"."id" = $1 LIMIT $2[0m  [["id", 2], ["LIMIT", 1]]
  ↳ app/controllers/blog_posts_controller.rb:44:in `set_blog_post'
  Rendering layout layouts/application.html.erb
  Rendering blog_posts/show.html.erb within layouts/application
  Rendered blog_posts/show.html.erb within layouts/application (Duration: 0.4ms | Allocations: 132)
  Rendered layout layouts/application.html.erb (Duration: 10.9ms | Allocations: 6242)
Completed 200 OK in 17ms (Views: 11.4ms | ActiveRecord: 0.3ms | Allocations: 8410)


Started GET "/blog_posts" for ::1 at 2024-06-09 19:54:50 +0530
Processing by BlogPostsController#index as HTML
  [1m[36mUser Load (0.1ms)[0m  [1m[34mSELECT "users".* FROM "users" WHERE "users"."id" = $1 ORDER BY "users"."id" ASC LIMIT $2[0m  [["id", 1], ["LIMIT", 1]]
  Rendering layout layouts/application.html.erb
  Rendering blog_posts/index.html.erb within layouts/application
  [1m[36mBlogPost Load (0.2ms)[0m  [1m[34mSELECT "blog_posts".* FROM "blog_posts"[0m
  ↳ app/views/blog_posts/index.html.erb:3
  Rendered blog_posts/index.html.erb within layouts/application (Duration: 1.4ms | Allocations: 718)
  Rendered layout layouts/application.html.erb (Duration: 9.9ms | Allocations: 6827)
Completed 200 OK in 14ms (Views: 10.2ms | ActiveRecord: 0.3ms | Allocations: 8453)


Started GET "/blog_posts/3" for ::1 at 2024-06-09 19:54:53 +0530
Processing by BlogPostsController#show as HTML
  Parameters: {"id"=>"3"}
  [1m[36mUser Load (0.2ms)[0m  [1m[34mSELECT "users".* FROM "users" WHERE "users"."id" = $1 ORDER BY "users"."id" ASC LIMIT $2[0m  [["id", 1], ["LIMIT", 1]]
  [1m[36mBlogPost Load (0.2ms)[0m  [1m[34mSELECT "blog_posts".* FROM "blog_posts" WHERE "blog_posts"."id" = $1 LIMIT $2[0m  [["id", 3], ["LIMIT", 1]]
  ↳ app/controllers/blog_posts_controller.rb:44:in `set_blog_post'
  Rendering layout layouts/application.html.erb
  Rendering blog_posts/show.html.erb within layouts/application
  Rendered blog_posts/show.html.erb within layouts/application (Duration: 0.4ms | Allocations: 132)
  Rendered layout layouts/application.html.erb (Duration: 11.2ms | Allocations: 6237)
Completed 200 OK in 18ms (Views: 11.8ms | ActiveRecord: 0.4ms | Allocations: 8387)


Started GET "/blog_posts/3/edit" for ::1 at 2024-06-09 19:54:55 +0530
Processing by BlogPostsController#edit as HTML
  Parameters: {"id"=>"3"}
  [1m[36mUser Load (0.2ms)[0m  [1m[34mSELECT "users".* FROM "users" WHERE "users"."id" = $1 ORDER BY "users"."id" ASC LIMIT $2[0m  [["id", 1], ["LIMIT", 1]]
  [1m[36mBlogPost Load (0.1ms)[0m  [1m[34mSELECT "blog_posts".* FROM "blog_posts" WHERE "blog_posts"."id" = $1 LIMIT $2[0m  [["id", 3], ["LIMIT", 1]]
  ↳ app/controllers/blog_posts_controller.rb:44:in `set_blog_post'
  Rendering layout layouts/application.html.erb
  Rendering blog_posts/edit.html.erb within layouts/application
  Rendered blog_posts/edit.html.erb within layouts/application (Duration: 1.6ms | Allocations: 659)
  Rendered layout layouts/application.html.erb (Duration: 11.9ms | Allocations: 6751)
Completed 200 OK in 17ms (Views: 12.4ms | ActiveRecord: 0.3ms | Allocations: 8911)


Started PATCH "/blog_posts/3" for ::1 at 2024-06-09 19:54:58 +0530
Processing by BlogPostsController#update as HTML
  Parameters: {"authenticity_token"=>"[FILTERED]", "blog_post"=>{"title"=>"Cool", "content"=>"Test12"}, "commit"=>"Update Blog post", "id"=>"3"}
  [1m[36mUser Load (0.1ms)[0m  [1m[34mSELECT "users".* FROM "users" WHERE "users"."id" = $1 ORDER BY "users"."id" ASC LIMIT $2[0m  [["id", 1], ["LIMIT", 1]]
  [1m[36mBlogPost Load (0.2ms)[0m  [1m[34mSELECT "blog_posts".* FROM "blog_posts" WHERE "blog_posts"."id" = $1 LIMIT $2[0m  [["id", 3], ["LIMIT", 1]]
  ↳ app/controllers/blog_posts_controller.rb:44:in `set_blog_post'
  [1m[36mTRANSACTION (0.1ms)[0m  [1m[35mBEGIN[0m
  ↳ app/controllers/blog_posts_controller.rb:29:in `update'
  [1m[36mBlogPost Update (1.2ms)[0m  [1m[33mUPDATE "blog_posts" SET "content" = $1, "updated_at" = $2 WHERE "blog_posts"."id" = $3[0m  [["content", "Test12"], ["updated_at", "2024-06-09 14:24:58.972720"], ["id", 3]]
  ↳ app/controllers/blog_posts_controller.rb:29:in `update'
  [1m[36mTRANSACTION (0.2ms)[0m  [1m[35mCOMMIT[0m
  ↳ app/controllers/blog_posts_controller.rb:29:in `update'
Redirected to http://localhost:3000/blog_posts/3
Completed 302 Found in 9ms (ActiveRecord: 1.8ms | Allocations: 3999)


Started GET "/blog_posts/3" for ::1 at 2024-06-09 19:54:58 +0530
Processing by BlogPostsController#show as HTML
  Parameters: {"id"=>"3"}
  [1m[36mUser Load (0.2ms)[0m  [1m[34mSELECT "users".* FROM "users" WHERE "users"."id" = $1 ORDER BY "users"."id" ASC LIMIT $2[0m  [["id", 1], ["LIMIT", 1]]
  [1m[36mBlogPost Load (0.1ms)[0m  [1m[34mSELECT "blog_posts".* FROM "blog_posts" WHERE "blog_posts"."id" = $1 LIMIT $2[0m  [["id", 3], ["LIMIT", 1]]
  ↳ app/controllers/blog_posts_controller.rb:44:in `set_blog_post'
  Rendering layout layouts/application.html.erb
  Rendering blog_posts/show.html.erb within layouts/application
  Rendered blog_posts/show.html.erb within layouts/application (Duration: 0.2ms | Allocations: 132)
  Rendered layout layouts/application.html.erb (Duration: 7.0ms | Allocations: 6242)
Completed 200 OK in 10ms (Views: 7.3ms | ActiveRecord: 0.2ms | Allocations: 8420)


Started GET "/blog_posts/3" for ::1 at 2024-06-09 19:55:00 +0530
Processing by BlogPostsController#show as HTML
  Parameters: {"id"=>"3"}
  [1m[36mUser Load (0.2ms)[0m  [1m[34mSELECT "users".* FROM "users" WHERE "users"."id" = $1 ORDER BY "users"."id" ASC LIMIT $2[0m  [["id", 1], ["LIMIT", 1]]
  [1m[36mBlogPost Load (0.2ms)[0m  [1m[34mSELECT "blog_posts".* FROM "blog_posts" WHERE "blog_posts"."id" = $1 LIMIT $2[0m  [["id", 3], ["LIMIT", 1]]
  ↳ app/controllers/blog_posts_controller.rb:44:in `set_blog_post'
  Rendering layout layouts/application.html.erb
  Rendering blog_posts/show.html.erb within layouts/application
  Rendered blog_posts/show.html.erb within layouts/application (Duration: 0.4ms | Allocations: 132)
  Rendered layout layouts/application.html.erb (Duration: 10.7ms | Allocations: 6237)
Completed 200 OK in 17ms (Views: 11.2ms | ActiveRecord: 0.4ms | Allocations: 8385)


Started GET "/blog_posts/3" for ::1 at 2024-06-09 19:55:02 +0530
Processing by BlogPostsController#show as HTML
  Parameters: {"id"=>"3"}
  [1m[36mUser Load (0.1ms)[0m  [1m[34mSELECT "users".* FROM "users" WHERE "users"."id" = $1 ORDER BY "users"."id" ASC LIMIT $2[0m  [["id", 1], ["LIMIT", 1]]
  [1m[36mBlogPost Load (0.1ms)[0m  [1m[34mSELECT "blog_posts".* FROM "blog_posts" WHERE "blog_posts"."id" = $1 LIMIT $2[0m  [["id", 3], ["LIMIT", 1]]
  ↳ app/controllers/blog_posts_controller.rb:44:in `set_blog_post'
  Rendering layout layouts/application.html.erb
  Rendering blog_posts/show.html.erb within layouts/application
  Rendered blog_posts/show.html.erb within layouts/application (Duration: 0.4ms | Allocations: 132)
  Rendered layout layouts/application.html.erb (Duration: 11.2ms | Allocations: 6237)
Completed 200 OK in 17ms (Views: 11.8ms | ActiveRecord: 0.2ms | Allocations: 8387)


Started GET "/blog_posts/3" for ::1 at 2024-06-09 19:55:04 +0530
Processing by BlogPostsController#show as HTML
  Parameters: {"id"=>"3"}
  [1m[36mUser Load (0.2ms)[0m  [1m[34mSELECT "users".* FROM "users" WHERE "users"."id" = $1 ORDER BY "users"."id" ASC LIMIT $2[0m  [["id", 1], ["LIMIT", 1]]
  [1m[36mBlogPost Load (0.1ms)[0m  [1m[34mSELECT "blog_posts".* FROM "blog_posts" WHERE "blog_posts"."id" = $1 LIMIT $2[0m  [["id", 3], ["LIMIT", 1]]
  ↳ app/controllers/blog_posts_controller.rb:44:in `set_blog_post'
  Rendering layout layouts/application.html.erb
  Rendering blog_posts/show.html.erb within layouts/application
  Rendered blog_posts/show.html.erb within layouts/application (Duration: 0.4ms | Allocations: 132)
  Rendered layout layouts/application.html.erb (Duration: 10.8ms | Allocations: 6237)
Completed 200 OK in 17ms (Views: 11.5ms | ActiveRecord: 0.3ms | Allocations: 8391)


Started GET "/" for ::1 at 2024-06-09 19:55:07 +0530
Processing by BlogPostsController#index as HTML
  [1m[36mUser Load (0.2ms)[0m  [1m[34mSELECT "users".* FROM "users" WHERE "users"."id" = $1 ORDER BY "users"."id" ASC LIMIT $2[0m  [["id", 1], ["LIMIT", 1]]
  Rendering layout layouts/application.html.erb
  Rendering blog_posts/index.html.erb within layouts/application
  [1m[36mBlogPost Load (0.3ms)[0m  [1m[34mSELECT "blog_posts".* FROM "blog_posts"[0m
  ↳ app/views/blog_posts/index.html.erb:3
  Rendered blog_posts/index.html.erb within layouts/application (Duration: 1.3ms | Allocations: 718)
  Rendered layout layouts/application.html.erb (Duration: 9.2ms | Allocations: 6854)
Completed 200 OK in 25ms (Views: 9.5ms | ActiveRecord: 0.4ms | Allocations: 8490)


Started GET "/blog_posts/3" for ::1 at 2024-06-09 19:55:10 +0530
Processing by BlogPostsController#show as HTML
  Parameters: {"id"=>"3"}
  [1m[36mUser Load (0.3ms)[0m  [1m[34mSELECT "users".* FROM "users" WHERE "users"."id" = $1 ORDER BY "users"."id" ASC LIMIT $2[0m  [["id", 1], ["LIMIT", 1]]
  [1m[36mBlogPost Load (0.1ms)[0m  [1m[34mSELECT "blog_posts".* FROM "blog_posts" WHERE "blog_posts"."id" = $1 LIMIT $2[0m  [["id", 3], ["LIMIT", 1]]
  ↳ app/controllers/blog_posts_controller.rb:44:in `set_blog_post'
  Rendering layout layouts/application.html.erb
  Rendering blog_posts/show.html.erb within layouts/application
  Rendered blog_posts/show.html.erb within layouts/application (Duration: 0.7ms | Allocations: 132)
  Rendered layout layouts/application.html.erb (Duration: 10.4ms | Allocations: 6241)
Completed 200 OK in 21ms (Views: 11.2ms | ActiveRecord: 0.3ms | Allocations: 8377)


Started GET "/blog_posts/3" for ::1 at 2024-06-09 19:55:12 +0530
Processing by BlogPostsController#show as HTML
  Parameters: {"id"=>"3"}
  [1m[36mUser Load (0.2ms)[0m  [1m[34mSELECT "users".* FROM "users" WHERE "users"."id" = $1 ORDER BY "users"."id" ASC LIMIT $2[0m  [["id", 1], ["LIMIT", 1]]
  [1m[36mBlogPost Load (0.1ms)[0m  [1m[34mSELECT "blog_posts".* FROM "blog_posts" WHERE "blog_posts"."id" = $1 LIMIT $2[0m  [["id", 3], ["LIMIT", 1]]
  ↳ app/controllers/blog_posts_controller.rb:44:in `set_blog_post'
  Rendering layout layouts/application.html.erb
  Rendering blog_posts/show.html.erb within layouts/application
  Rendered blog_posts/show.html.erb within layouts/application (Duration: 0.8ms | Allocations: 132)
  Rendered layout layouts/application.html.erb (Duration: 11.8ms | Allocations: 6253)
Completed 200 OK in 18ms (Views: 12.4ms | ActiveRecord: 0.3ms | Allocations: 8416)


Started GET "/blog_posts/3" for ::1 at 2024-06-09 19:55:50 +0530
Processing by BlogPostsController#show as HTML
  Parameters: {"id"=>"3"}
  [1m[36mUser Load (0.1ms)[0m  [1m[34mSELECT "users".* FROM "users" WHERE "users"."id" = $1 ORDER BY "users"."id" ASC LIMIT $2[0m  [["id", 1], ["LIMIT", 1]]
  [1m[36mBlogPost Load (0.1ms)[0m  [1m[34mSELECT "blog_posts".* FROM "blog_posts" WHERE "blog_posts"."id" = $1 LIMIT $2[0m  [["id", 3], ["LIMIT", 1]]
  ↳ app/controllers/blog_posts_controller.rb:44:in `set_blog_post'
  Rendering layout layouts/application.html.erb
  Rendering blog_posts/show.html.erb within layouts/application
  Rendered blog_posts/show.html.erb within layouts/application (Duration: 0.8ms | Allocations: 460)
  Rendered layout layouts/application.html.erb (Duration: 8.2ms | Allocations: 7171)
Completed 200 OK in 42ms (Views: 9.6ms | ActiveRecord: 18.8ms | Allocations: 22060)


Started GET "/blog_posts/3" for ::1 at 2024-06-09 19:55:51 +0530
Processing by BlogPostsController#show as HTML
  Parameters: {"id"=>"3"}
  [1m[36mUser Load (0.2ms)[0m  [1m[34mSELECT "users".* FROM "users" WHERE "users"."id" = $1 ORDER BY "users"."id" ASC LIMIT $2[0m  [["id", 1], ["LIMIT", 1]]
  [1m[36mBlogPost Load (0.1ms)[0m  [1m[34mSELECT "blog_posts".* FROM "blog_posts" WHERE "blog_posts"."id" = $1 LIMIT $2[0m  [["id", 3], ["LIMIT", 1]]
  ↳ app/controllers/blog_posts_controller.rb:44:in `set_blog_post'
  Rendering layout layouts/application.html.erb
  Rendering blog_posts/show.html.erb within layouts/application
  Rendered blog_posts/show.html.erb within layouts/application (Duration: 0.4ms | Allocations: 132)
  Rendered layout layouts/application.html.erb (Duration: 9.6ms | Allocations: 6237)
Completed 200 OK in 15ms (Views: 10.2ms | ActiveRecord: 0.3ms | Allocations: 8407)


Started GET "/blog_posts/3" for ::1 at 2024-06-09 19:55:54 +0530
Processing by BlogPostsController#show as HTML
  Parameters: {"id"=>"3"}
  [1m[36mUser Load (0.2ms)[0m  [1m[34mSELECT "users".* FROM "users" WHERE "users"."id" = $1 ORDER BY "users"."id" ASC LIMIT $2[0m  [["id", 1], ["LIMIT", 1]]
  [1m[36mBlogPost Load (0.1ms)[0m  [1m[34mSELECT "blog_posts".* FROM "blog_posts" WHERE "blog_posts"."id" = $1 LIMIT $2[0m  [["id", 3], ["LIMIT", 1]]
  ↳ app/controllers/blog_posts_controller.rb:44:in `set_blog_post'
  Rendering layout layouts/application.html.erb
  Rendering blog_posts/show.html.erb within layouts/application
  Rendered blog_posts/show.html.erb within layouts/application (Duration: 0.5ms | Allocations: 132)
  Rendered layout layouts/application.html.erb (Duration: 11.4ms | Allocations: 6237)
Completed 200 OK in 17ms (Views: 12.1ms | ActiveRecord: 0.3ms | Allocations: 8389)


Started GET "/blog_posts/3" for ::1 at 2024-06-09 19:57:43 +0530
Processing by BlogPostsController#show as HTML
  Parameters: {"id"=>"3"}
  [1m[36mUser Load (0.2ms)[0m  [1m[34mSELECT "users".* FROM "users" WHERE "users"."id" = $1 ORDER BY "users"."id" ASC LIMIT $2[0m  [["id", 1], ["LIMIT", 1]]
  [1m[36mBlogPost Load (0.1ms)[0m  [1m[34mSELECT "blog_posts".* FROM "blog_posts" WHERE "blog_posts"."id" = $1 LIMIT $2[0m  [["id", 3], ["LIMIT", 1]]
  ↳ app/controllers/blog_posts_controller.rb:44:in `set_blog_post'
  Rendering layout layouts/application.html.erb
  Rendering blog_posts/show.html.erb within layouts/application
  Rendered blog_posts/show.html.erb within layouts/application (Duration: 0.7ms | Allocations: 455)
  Rendered layout layouts/application.html.erb (Duration: 7.8ms | Allocations: 7159)
Completed 200 OK in 31ms (Views: 9.3ms | ActiveRecord: 9.1ms | Allocations: 22015)


Started GET "/blog_posts/3" for ::1 at 2024-06-09 19:57:44 +0530
Processing by BlogPostsController#show as HTML
  Parameters: {"id"=>"3"}
  [1m[36mUser Load (0.2ms)[0m  [1m[34mSELECT "users".* FROM "users" WHERE "users"."id" = $1 ORDER BY "users"."id" ASC LIMIT $2[0m  [["id", 1], ["LIMIT", 1]]
  [1m[36mBlogPost Load (0.1ms)[0m  [1m[34mSELECT "blog_posts".* FROM "blog_posts" WHERE "blog_posts"."id" = $1 LIMIT $2[0m  [["id", 3], ["LIMIT", 1]]
  ↳ app/controllers/blog_posts_controller.rb:44:in `set_blog_post'
  Rendering layout layouts/application.html.erb
  Rendering blog_posts/show.html.erb within layouts/application
  Rendered blog_posts/show.html.erb within layouts/application (Duration: 0.4ms | Allocations: 132)
  Rendered layout layouts/application.html.erb (Duration: 11.1ms | Allocations: 6237)
Completed 200 OK in 18ms (Views: 11.7ms | ActiveRecord: 0.4ms | Allocations: 8391)


Started GET "/blog_posts/3" for ::1 at 2024-06-09 19:57:45 +0530
Processing by BlogPostsController#show as HTML
  Parameters: {"id"=>"3"}
  [1m[36mUser Load (0.1ms)[0m  [1m[34mSELECT "users".* FROM "users" WHERE "users"."id" = $1 ORDER BY "users"."id" ASC LIMIT $2[0m  [["id", 1], ["LIMIT", 1]]
  [1m[36mBlogPost Load (0.1ms)[0m  [1m[34mSELECT "blog_posts".* FROM "blog_posts" WHERE "blog_posts"."id" = $1 LIMIT $2[0m  [["id", 3], ["LIMIT", 1]]
  ↳ app/controllers/blog_posts_controller.rb:44:in `set_blog_post'
  Rendering layout layouts/application.html.erb
  Rendering blog_posts/show.html.erb within layouts/application
  Rendered blog_posts/show.html.erb within layouts/application (Duration: 0.4ms | Allocations: 132)
  Rendered layout layouts/application.html.erb (Duration: 12.9ms | Allocations: 6237)
Completed 200 OK in 18ms (Views: 13.4ms | ActiveRecord: 0.2ms | Allocations: 8385)


Started GET "/blog_posts/3" for ::1 at 2024-06-09 19:57:53 +0530
Processing by BlogPostsController#show as HTML
  Parameters: {"id"=>"3"}
  [1m[36mUser Load (0.2ms)[0m  [1m[34mSELECT "users".* FROM "users" WHERE "users"."id" = $1 ORDER BY "users"."id" ASC LIMIT $2[0m  [["id", 1], ["LIMIT", 1]]
  [1m[36mBlogPost Load (0.2ms)[0m  [1m[34mSELECT "blog_posts".* FROM "blog_posts" WHERE "blog_posts"."id" = $1 LIMIT $2[0m  [["id", 3], ["LIMIT", 1]]
  ↳ app/controllers/blog_posts_controller.rb:44:in `set_blog_post'
  Rendering layout layouts/application.html.erb
  Rendering blog_posts/show.html.erb within layouts/application
  Rendered blog_posts/show.html.erb within layouts/application (Duration: 0.8ms | Allocations: 132)
  Rendered layout layouts/application.html.erb (Duration: 13.3ms | Allocations: 6237)
Completed 200 OK in 32ms (Views: 14.0ms | ActiveRecord: 0.4ms | Allocations: 8383)


Started GET "/blog_posts/3" for ::1 at 2024-06-09 20:00:11 +0530
  [1m[36mActiveRecord::SchemaMigration Load (1.0ms)[0m  [1m[34mSELECT "schema_migrations"."version" FROM "schema_migrations" ORDER BY "schema_migrations"."version" ASC[0m
Processing by BlogPostsController#show as HTML
  Parameters: {"id"=>"3"}
  [1m[36mUser Load (0.7ms)[0m  [1m[34mSELECT "users".* FROM "users" WHERE "users"."id" = $1 ORDER BY "users"."id" ASC LIMIT $2[0m  [["id", 1], ["LIMIT", 1]]
  [1m[36mBlogPost Load (0.4ms)[0m  [1m[34mSELECT "blog_posts".* FROM "blog_posts" WHERE "blog_posts"."id" = $1 LIMIT $2[0m  [["id", 3], ["LIMIT", 1]]
  ↳ app/controllers/blog_posts_controller.rb:44:in `set_blog_post'
  Rendering layout layouts/application.html.erb
  Rendering blog_posts/show.html.erb within layouts/application
  Rendered blog_posts/show.html.erb within layouts/application (Duration: 0.5ms | Allocations: 638)
[Webpacker] Compiling...
[Webpacker] Compilation failed:
Hash: 934fc34aa93b142315cb
Version: webpack 4.47.0
Time: 200ms
Built at: 06/09/2024 8:00:13 PM
                                     Asset       Size       Chunks                         Chunk Names
    js/application-3220d16b7b22a2da114c.js   8.76 KiB  application  [emitted] [immutable]  application
js/application-3220d16b7b22a2da114c.js.map   3.53 KiB  application  [emitted] [dev]        application
                             manifest.json  364 bytes               [emitted]              
Entrypoint application = js/application-3220d16b7b22a2da114c.js js/application-3220d16b7b22a2da114c.js.map
[./app/javascript/packs/application.js] 4.86 KiB {application} [built] [failed] [1 error]

ERROR in ./app/javascript/packs/application.js
Module build failed (from ./node_modules/babel-loader/lib/index.js):
Error: Cannot find package '@babel/plugin-proposal-private-methods' imported from /Users/praveenrakhecha/Documents/mini_blog/babel-virtual-resolve-base.js
    at new NodeError (/Users/praveenrakhecha/Documents/mini_blog/node_modules/@babel/core/lib/vendor/import-meta-resolve.js:195:5)
    at packageResolve (/Users/praveenrakhecha/Documents/mini_blog/node_modules/@babel/core/lib/vendor/import-meta-resolve.js:899:9)
    at moduleResolve (/Users/praveenrakhecha/Documents/mini_blog/node_modules/@babel/core/lib/vendor/import-meta-resolve.js:939:18)
    at defaultResolve (/Users/praveenrakhecha/Documents/mini_blog/node_modules/@babel/core/lib/vendor/import-meta-resolve.js:1017:15)
    at resolve (/Users/praveenrakhecha/Documents/mini_blog/node_modules/@babel/core/lib/vendor/import-meta-resolve.js:1030:12)
    at tryImportMetaResolve (/Users/praveenrakhecha/Documents/mini_blog/node_modules/@babel/core/lib/config/files/plugins.js:142:45)
    at resolveStandardizedNameForImport (/Users/praveenrakhecha/Documents/mini_blog/node_modules/@babel/core/lib/config/files/plugins.js:164:19)
    at resolveStandardizedName (/Users/praveenrakhecha/Documents/mini_blog/node_modules/@babel/core/lib/config/files/plugins.js:173:22)
    at loadPlugin (/Users/praveenrakhecha/Documents/mini_blog/node_modules/@babel/core/lib/config/files/plugins.js:52:20)
    at loadPlugin.next (<anonymous>)
    at createDescriptor (/Users/praveenrakhecha/Documents/mini_blog/node_modules/@babel/core/lib/config/config-descriptors.js:140:16)
    at createDescriptor.next (<anonymous>)
    at step (/Users/praveenrakhecha/Documents/mini_blog/node_modules/gensync/index.js:261:32)
    at evaluateAsync (/Users/praveenrakhecha/Documents/mini_blog/node_modules/gensync/index.js:291:5)
    at /Users/praveenrakhecha/Documents/mini_blog/node_modules/gensync/index.js:44:11
    at Array.forEach (<anonymous>)
    at Function.async (/Users/praveenrakhecha/Documents/mini_blog/node_modules/gensync/index.js:43:15)
    at Function.all (/Users/praveenrakhecha/Documents/mini_blog/node_modules/gensync/index.js:216:13)
    at Generator.next (<anonymous>)
    at createDescriptors (/Users/praveenrakhecha/Documents/mini_blog/node_modules/@babel/core/lib/config/config-descriptors.js:102:41)
    at createDescriptors.next (<anonymous>)
    at createPluginDescriptors (/Users/praveenrakhecha/Documents/mini_blog/node_modules/@babel/core/lib/config/config-descriptors.js:99:17)
    at createPluginDescriptors.next (<anonymous>)
    at /Users/praveenrakhecha/Documents/mini_blog/node_modules/@babel/core/lib/gensync-utils/functional.js:39:27
    at Generator.next (<anonymous>)
    at mergeChainOpts (/Users/praveenrakhecha/Documents/mini_blog/node_modules/@babel/core/lib/config/config-chain.js:349:34)
    at mergeChainOpts.next (<anonymous>)
    at chainWalker (/Users/praveenrakhecha/Documents/mini_blog/node_modules/@babel/core/lib/config/config-chain.js:316:14)
    at chainWalker.next (<anonymous>)
    at loadFileChain (/Users/praveenrakhecha/Documents/mini_blog/node_modules/@babel/core/lib/config/config-chain.js:191:24)
    at loadFileChain.next (<anonymous>)
    at buildRootChain (/Users/praveenrakhecha/Documents/mini_blog/node_modules/@babel/core/lib/config/config-chain.js:77:27)
    at buildRootChain.next (<anonymous>)
    at loadPrivatePartialConfig (/Users/praveenrakhecha/Documents/mini_blog/node_modules/@babel/core/lib/config/partial.js:72:62)
    at loadPrivatePartialConfig.next (<anonymous>)
    at loadPartialConfig (/Users/praveenrakhecha/Documents/mini_blog/node_modules/@babel/core/lib/config/partial.js:115:25)
    at loadPartialConfig.next (<anonymous>)
    at step (/Users/praveenrakhecha/Documents/mini_blog/node_modules/gensync/index.js:269:25)
    at evaluateAsync (/Users/praveenrakhecha/Documents/mini_blog/node_modules/gensync/index.js:291:5)
    at /Users/praveenrakhecha/Documents/mini_blog/node_modules/gensync/index.js:93:9
    at new Promise (<anonymous>)
    at async (/Users/praveenrakhecha/Documents/mini_blog/node_modules/gensync/index.js:92:14)
    at stopHiding - secret - don't use this - v1 (/Users/praveenrakhecha/Documents/mini_blog/node_modules/@babel/core/lib/errors/rewrite-stack-trace.js:47:12)
    at loadPartialConfigAsync (/Users/praveenrakhecha/Documents/mini_blog/node_modules/@babel/core/lib/config/index.js:34:85)
    at Object.<anonymous> (/Users/praveenrakhecha/Documents/mini_blog/node_modules/babel-loader/lib/index.js:126:26)
    at Generator.next (<anonymous>)
    at asyncGeneratorStep (/Users/praveenrakhecha/Documents/mini_blog/node_modules/babel-loader/lib/index.js:3:103)
    at _next (/Users/praveenrakhecha/Documents/mini_blog/node_modules/babel-loader/lib/index.js:4:194)
    at /Users/praveenrakhecha/Documents/mini_blog/node_modules/babel-loader/lib/index.js:4:364
    at new Promise (<anonymous>)


warning package.json: No license field

  Rendered layout layouts/application.html.erb (Duration: 2258.3ms | Allocations: 154866)
Completed 200 OK in 2371ms (Views: 2260.9ms | ActiveRecord: 20.4ms | Allocations: 339509)


Started GET "/blog_posts/3" for ::1 at 2024-06-09 20:00:16 +0530
Processing by BlogPostsController#show as HTML
  Parameters: {"id"=>"3"}
  [1m[36mUser Load (0.3ms)[0m  [1m[34mSELECT "users".* FROM "users" WHERE "users"."id" = $1 ORDER BY "users"."id" ASC LIMIT $2[0m  [["id", 1], ["LIMIT", 1]]
  [1m[36mBlogPost Load (0.5ms)[0m  [1m[34mSELECT "blog_posts".* FROM "blog_posts" WHERE "blog_posts"."id" = $1 LIMIT $2[0m  [["id", 3], ["LIMIT", 1]]
  ↳ app/controllers/blog_posts_controller.rb:44:in `set_blog_post'
  Rendering layout layouts/application.html.erb
  Rendering blog_posts/show.html.erb within layouts/application
  Rendered blog_posts/show.html.erb within layouts/application (Duration: 0.5ms | Allocations: 132)
[Webpacker] Everything's up-to-date. Nothing to do
  Rendered layout layouts/application.html.erb (Duration: 23.9ms | Allocations: 6849)
Completed 200 OK in 51ms (Views: 25.4ms | ActiveRecord: 0.7ms | Allocations: 9025)


Started GET "/blog_posts/3" for ::1 at 2024-06-09 20:00:18 +0530
Processing by BlogPostsController#show as HTML
  Parameters: {"id"=>"3"}
  [1m[36mUser Load (0.3ms)[0m  [1m[34mSELECT "users".* FROM "users" WHERE "users"."id" = $1 ORDER BY "users"."id" ASC LIMIT $2[0m  [["id", 1], ["LIMIT", 1]]
  [1m[36mBlogPost Load (0.3ms)[0m  [1m[34mSELECT "blog_posts".* FROM "blog_posts" WHERE "blog_posts"."id" = $1 LIMIT $2[0m  [["id", 3], ["LIMIT", 1]]
  ↳ app/controllers/blog_posts_controller.rb:44:in `set_blog_post'
  Rendering layout layouts/application.html.erb
  Rendering blog_posts/show.html.erb within layouts/application
  Rendered blog_posts/show.html.erb within layouts/application (Duration: 0.4ms | Allocations: 132)
[Webpacker] Everything's up-to-date. Nothing to do
  Rendered layout layouts/application.html.erb (Duration: 13.8ms | Allocations: 6844)
Completed 200 OK in 21ms (Views: 14.5ms | ActiveRecord: 0.5ms | Allocations: 9023)


Started GET "/blog_posts/3/edit" for ::1 at 2024-06-09 20:00:19 +0530
Processing by BlogPostsController#edit as HTML
  Parameters: {"id"=>"3"}
  [1m[36mUser Load (0.3ms)[0m  [1m[34mSELECT "users".* FROM "users" WHERE "users"."id" = $1 ORDER BY "users"."id" ASC LIMIT $2[0m  [["id", 1], ["LIMIT", 1]]
  [1m[36mBlogPost Load (0.3ms)[0m  [1m[34mSELECT "blog_posts".* FROM "blog_posts" WHERE "blog_posts"."id" = $1 LIMIT $2[0m  [["id", 3], ["LIMIT", 1]]
  ↳ app/controllers/blog_posts_controller.rb:44:in `set_blog_post'
  Rendering layout layouts/application.html.erb
  Rendering blog_posts/edit.html.erb within layouts/application
  Rendered blog_posts/edit.html.erb within layouts/application (Duration: 10.0ms | Allocations: 2107)
[Webpacker] Everything's up-to-date. Nothing to do
  Rendered layout layouts/application.html.erb (Duration: 21.9ms | Allocations: 8804)
Completed 200 OK in 33ms (Views: 25.1ms | ActiveRecord: 0.6ms | Allocations: 11042)


Started PATCH "/blog_posts/3" for ::1 at 2024-06-09 20:00:20 +0530
Processing by BlogPostsController#update as HTML
  Parameters: {"authenticity_token"=>"[FILTERED]", "blog_post"=>{"title"=>"Cool", "content"=>"Test12"}, "commit"=>"Update Blog post", "id"=>"3"}
  [1m[36mUser Load (0.3ms)[0m  [1m[34mSELECT "users".* FROM "users" WHERE "users"."id" = $1 ORDER BY "users"."id" ASC LIMIT $2[0m  [["id", 1], ["LIMIT", 1]]
  [1m[36mBlogPost Load (0.1ms)[0m  [1m[34mSELECT "blog_posts".* FROM "blog_posts" WHERE "blog_posts"."id" = $1 LIMIT $2[0m  [["id", 3], ["LIMIT", 1]]
  ↳ app/controllers/blog_posts_controller.rb:44:in `set_blog_post'
Redirected to http://localhost:3000/blog_posts/3
Completed 302 Found in 8ms (ActiveRecord: 0.4ms | Allocations: 2855)


Started GET "/blog_posts/3" for ::1 at 2024-06-09 20:00:20 +0530
Processing by BlogPostsController#show as HTML
  Parameters: {"id"=>"3"}
  [1m[36mUser Load (0.4ms)[0m  [1m[34mSELECT "users".* FROM "users" WHERE "users"."id" = $1 ORDER BY "users"."id" ASC LIMIT $2[0m  [["id", 1], ["LIMIT", 1]]
  [1m[36mBlogPost Load (0.2ms)[0m  [1m[34mSELECT "blog_posts".* FROM "blog_posts" WHERE "blog_posts"."id" = $1 LIMIT $2[0m  [["id", 3], ["LIMIT", 1]]
  ↳ app/controllers/blog_posts_controller.rb:44:in `set_blog_post'
  Rendering layout layouts/application.html.erb
  Rendering blog_posts/show.html.erb within layouts/application
  Rendered blog_posts/show.html.erb within layouts/application (Duration: 0.4ms | Allocations: 132)
[Webpacker] Everything's up-to-date. Nothing to do
  Rendered layout layouts/application.html.erb (Duration: 14.5ms | Allocations: 6851)
Completed 200 OK in 20ms (Views: 15.1ms | ActiveRecord: 0.6ms | Allocations: 9027)


Started GET "/" for ::1 at 2024-06-09 20:00:23 +0530
Processing by BlogPostsController#index as HTML
  [1m[36mUser Load (78.9ms)[0m  [1m[34mSELECT "users".* FROM "users" WHERE "users"."id" = $1 ORDER BY "users"."id" ASC LIMIT $2[0m  [["id", 1], ["LIMIT", 1]]
  Rendering layout layouts/application.html.erb
  Rendering blog_posts/index.html.erb within layouts/application
  [1m[36mBlogPost Load (15.5ms)[0m  [1m[34mSELECT "blog_posts".* FROM "blog_posts"[0m
  ↳ app/views/blog_posts/index.html.erb:3
  Rendered blog_posts/index.html.erb within layouts/application (Duration: 18.7ms | Allocations: 1028)
[Webpacker] Everything's up-to-date. Nothing to do
  Rendered layout layouts/application.html.erb (Duration: 34.0ms | Allocations: 7743)
Completed 200 OK in 123ms (Views: 19.3ms | ActiveRecord: 94.4ms | Allocations: 9441)


Started GET "/blog_posts/new" for ::1 at 2024-06-09 20:00:27 +0530
Processing by BlogPostsController#new as HTML
  [1m[36mUser Load (0.2ms)[0m  [1m[34mSELECT "users".* FROM "users" WHERE "users"."id" = $1 ORDER BY "users"."id" ASC LIMIT $2[0m  [["id", 1], ["LIMIT", 1]]
  Rendering layout layouts/application.html.erb
  Rendering blog_posts/new.html.erb within layouts/application
  Rendered blog_posts/new.html.erb within layouts/application (Duration: 2.1ms | Allocations: 935)
[Webpacker] Everything's up-to-date. Nothing to do
  Rendered layout layouts/application.html.erb (Duration: 13.0ms | Allocations: 7537)
Completed 200 OK in 30ms (Views: 13.7ms | ActiveRecord: 0.1ms | Allocations: 14542)


Started POST "/blog_posts" for ::1 at 2024-06-09 20:00:38 +0530
Processing by BlogPostsController#create as HTML
  Parameters: {"authenticity_token"=>"[FILTERED]", "blog_post"=>{"title"=>"Praveen Rakhecha", "content"=>"This is Praveen Rakhecha"}, "commit"=>"Create Blog post"}
  [1m[36mUser Load (0.2ms)[0m  [1m[34mSELECT "users".* FROM "users" WHERE "users"."id" = $1 ORDER BY "users"."id" ASC LIMIT $2[0m  [["id", 1], ["LIMIT", 1]]
  [1m[36mTRANSACTION (0.2ms)[0m  [1m[35mBEGIN[0m
  ↳ app/controllers/blog_posts_controller.rb:18:in `create'
  [1m[36mBlogPost Create (4.9ms)[0m  [1m[32mINSERT INTO "blog_posts" ("title", "content", "user_id", "created_at", "updated_at", "image_url") VALUES ($1, $2, $3, $4, $5, $6) RETURNING "id"[0m  [["title", "Praveen Rakhecha"], ["content", "This is Praveen Rakhecha"], ["user_id", 1], ["created_at", "2024-06-09 14:30:38.968374"], ["updated_at", "2024-06-09 14:30:38.968374"], ["image_url", "https://images.unsplash.com/photo-1624563031506-9868011ae03c?crop=entropy&cs=tinysrgb&fit=max&fm=jpg&ixid=M3w2MjA3NDh8MHwxfHNlYXJjaHwxfHxQcmF2ZWVuJTIwUmFraGVjaGF8ZW58MHx8fHwxNzE3OTQzNDM5fDA&ixlib=rb-4.0.3&q=80&w=1080&utm_source=MiniBlog&utm_medium=referral&utm_campaign=api-credit"]]
  ↳ app/controllers/blog_posts_controller.rb:18:in `create'
  [1m[36mTRANSACTION (1.9ms)[0m  [1m[35mCOMMIT[0m
  ↳ app/controllers/blog_posts_controller.rb:18:in `create'
Redirected to http://localhost:3000/blog_posts/4
Completed 302 Found in 510ms (ActiveRecord: 7.1ms | Allocations: 11777)


Started GET "/blog_posts/4" for ::1 at 2024-06-09 20:00:38 +0530
Processing by BlogPostsController#show as HTML
  Parameters: {"id"=>"4"}
  [1m[36mUser Load (0.2ms)[0m  [1m[34mSELECT "users".* FROM "users" WHERE "users"."id" = $1 ORDER BY "users"."id" ASC LIMIT $2[0m  [["id", 1], ["LIMIT", 1]]
  [1m[36mBlogPost Load (0.2ms)[0m  [1m[34mSELECT "blog_posts".* FROM "blog_posts" WHERE "blog_posts"."id" = $1 LIMIT $2[0m  [["id", 4], ["LIMIT", 1]]
  ↳ app/controllers/blog_posts_controller.rb:44:in `set_blog_post'
  Rendering layout layouts/application.html.erb
  Rendering blog_posts/show.html.erb within layouts/application
  Rendered blog_posts/show.html.erb within layouts/application (Duration: 0.4ms | Allocations: 133)
[Webpacker] Everything's up-to-date. Nothing to do
  Rendered layout layouts/application.html.erb (Duration: 17.1ms | Allocations: 6846)
Completed 200 OK in 22ms (Views: 17.5ms | ActiveRecord: 0.4ms | Allocations: 9031)


Started GET "/blog_posts" for ::1 at 2024-06-09 20:00:43 +0530
Processing by BlogPostsController#index as HTML
  [1m[36mUser Load (5.9ms)[0m  [1m[34mSELECT "users".* FROM "users" WHERE "users"."id" = $1 ORDER BY "users"."id" ASC LIMIT $2[0m  [["id", 1], ["LIMIT", 1]]
  Rendering layout layouts/application.html.erb
  Rendering blog_posts/index.html.erb within layouts/application
  [1m[36mBlogPost Load (2.3ms)[0m  [1m[34mSELECT "blog_posts".* FROM "blog_posts"[0m
  ↳ app/views/blog_posts/index.html.erb:3
  Rendered blog_posts/index.html.erb within layouts/application (Duration: 3.4ms | Allocations: 767)
[Webpacker] Everything's up-to-date. Nothing to do
  Rendered layout layouts/application.html.erb (Duration: 20.8ms | Allocations: 7482)
Completed 200 OK in 66ms (Views: 18.9ms | ActiveRecord: 8.2ms | Allocations: 9114)


Started GET "/blog_posts/new" for ::1 at 2024-06-09 20:00:47 +0530
Processing by BlogPostsController#new as HTML
  [1m[36mUser Load (0.3ms)[0m  [1m[34mSELECT "users".* FROM "users" WHERE "users"."id" = $1 ORDER BY "users"."id" ASC LIMIT $2[0m  [["id", 1], ["LIMIT", 1]]
  Rendering layout layouts/application.html.erb
  Rendering blog_posts/new.html.erb within layouts/application
  Rendered blog_posts/new.html.erb within layouts/application (Duration: 2.6ms | Allocations: 628)
[Webpacker] Everything's up-to-date. Nothing to do
  Rendered layout layouts/application.html.erb (Duration: 32.9ms | Allocations: 7321)
Completed 200 OK in 40ms (Views: 33.5ms | ActiveRecord: 0.3ms | Allocations: 9182)


Started POST "/blog_posts" for ::1 at 2024-06-09 20:00:57 +0530
Processing by BlogPostsController#create as HTML
  Parameters: {"authenticity_token"=>"[FILTERED]", "blog_post"=>{"title"=>"New York City", "content"=>"New York City"}, "commit"=>"Create Blog post"}
  [1m[36mUser Load (0.1ms)[0m  [1m[34mSELECT "users".* FROM "users" WHERE "users"."id" = $1 ORDER BY "users"."id" ASC LIMIT $2[0m  [["id", 1], ["LIMIT", 1]]
  [1m[36mTRANSACTION (0.2ms)[0m  [1m[35mBEGIN[0m
  ↳ app/controllers/blog_posts_controller.rb:18:in `create'
  [1m[36mBlogPost Create (1.4ms)[0m  [1m[32mINSERT INTO "blog_posts" ("title", "content", "user_id", "created_at", "updated_at", "image_url") VALUES ($1, $2, $3, $4, $5, $6) RETURNING "id"[0m  [["title", "New York City"], ["content", "New York City"], ["user_id", 1], ["created_at", "2024-06-09 14:30:57.726121"], ["updated_at", "2024-06-09 14:30:57.726121"], ["image_url", "https://images.unsplash.com/photo-1543716091-a840c05249ec?crop=entropy&cs=tinysrgb&fit=max&fm=jpg&ixid=M3w2MjA3NDh8MHwxfHNlYXJjaHwxfHxOZXclMjBZb3JrJTIwQ2l0eXxlbnwwfHx8fDE3MTc5NDM0NTd8MA&ixlib=rb-4.0.3&q=80&w=1080&utm_source=MiniBlog&utm_medium=referral&utm_campaign=api-credit"]]
  ↳ app/controllers/blog_posts_controller.rb:18:in `create'
  [1m[36mTRANSACTION (1.0ms)[0m  [1m[35mCOMMIT[0m
  ↳ app/controllers/blog_posts_controller.rb:18:in `create'
Redirected to http://localhost:3000/blog_posts/5
Completed 302 Found in 600ms (ActiveRecord: 2.7ms | Allocations: 27989)


Started GET "/blog_posts/5" for ::1 at 2024-06-09 20:00:57 +0530
Processing by BlogPostsController#show as HTML
  Parameters: {"id"=>"5"}
  [1m[36mUser Load (0.2ms)[0m  [1m[34mSELECT "users".* FROM "users" WHERE "users"."id" = $1 ORDER BY "users"."id" ASC LIMIT $2[0m  [["id", 1], ["LIMIT", 1]]
  [1m[36mBlogPost Load (0.1ms)[0m  [1m[34mSELECT "blog_posts".* FROM "blog_posts" WHERE "blog_posts"."id" = $1 LIMIT $2[0m  [["id", 5], ["LIMIT", 1]]
  ↳ app/controllers/blog_posts_controller.rb:44:in `set_blog_post'
  Rendering layout layouts/application.html.erb
  Rendering blog_posts/show.html.erb within layouts/application
  Rendered blog_posts/show.html.erb within layouts/application (Duration: 0.2ms | Allocations: 132)
[Webpacker] Everything's up-to-date. Nothing to do
  Rendered layout layouts/application.html.erb (Duration: 10.1ms | Allocations: 6855)
Completed 200 OK in 13ms (Views: 10.3ms | ActiveRecord: 0.3ms | Allocations: 9048)


Started GET "/" for ::1 at 2024-06-09 20:01:04 +0530
Processing by BlogPostsController#index as HTML
  [1m[36mUser Load (0.1ms)[0m  [1m[34mSELECT "users".* FROM "users" WHERE "users"."id" = $1 ORDER BY "users"."id" ASC LIMIT $2[0m  [["id", 1], ["LIMIT", 1]]
  Rendering layout layouts/application.html.erb
  Rendering blog_posts/index.html.erb within layouts/application
  [1m[36mBlogPost Load (0.3ms)[0m  [1m[34mSELECT "blog_posts".* FROM "blog_posts"[0m
  ↳ app/views/blog_posts/index.html.erb:3
  Rendered blog_posts/index.html.erb within layouts/application (Duration: 1.9ms | Allocations: 812)
[Webpacker] Everything's up-to-date. Nothing to do
  Rendered layout layouts/application.html.erb (Duration: 12.9ms | Allocations: 7527)
Completed 200 OK in 17ms (Views: 13.2ms | ActiveRecord: 0.4ms | Allocations: 9164)


Started GET "/blog_posts/4" for ::1 at 2024-06-09 20:01:10 +0530
Processing by BlogPostsController#show as HTML
  Parameters: {"id"=>"4"}
  [1m[36mUser Load (0.3ms)[0m  [1m[34mSELECT "users".* FROM "users" WHERE "users"."id" = $1 ORDER BY "users"."id" ASC LIMIT $2[0m  [["id", 1], ["LIMIT", 1]]
  [1m[36mBlogPost Load (0.3ms)[0m  [1m[34mSELECT "blog_posts".* FROM "blog_posts" WHERE "blog_posts"."id" = $1 LIMIT $2[0m  [["id", 4], ["LIMIT", 1]]
  ↳ app/controllers/blog_posts_controller.rb:44:in `set_blog_post'
  Rendering layout layouts/application.html.erb
  Rendering blog_posts/show.html.erb within layouts/application
  Rendered blog_posts/show.html.erb within layouts/application (Duration: 0.7ms | Allocations: 133)
[Webpacker] Everything's up-to-date. Nothing to do
  Rendered layout layouts/application.html.erb (Duration: 13.5ms | Allocations: 6843)
Completed 200 OK in 23ms (Views: 14.3ms | ActiveRecord: 0.5ms | Allocations: 9014)


Started GET "/blog_posts/4" for ::1 at 2024-06-09 20:01:11 +0530
Processing by BlogPostsController#show as HTML
  Parameters: {"id"=>"4"}
  [1m[36mUser Load (0.2ms)[0m  [1m[34mSELECT "users".* FROM "users" WHERE "users"."id" = $1 ORDER BY "users"."id" ASC LIMIT $2[0m  [["id", 1], ["LIMIT", 1]]
  [1m[36mBlogPost Load (0.2ms)[0m  [1m[34mSELECT "blog_posts".* FROM "blog_posts" WHERE "blog_posts"."id" = $1 LIMIT $2[0m  [["id", 4], ["LIMIT", 1]]
  ↳ app/controllers/blog_posts_controller.rb:44:in `set_blog_post'
  Rendering layout layouts/application.html.erb
  Rendering blog_posts/show.html.erb within layouts/application
  Rendered blog_posts/show.html.erb within layouts/application (Duration: 0.3ms | Allocations: 133)
[Webpacker] Everything's up-to-date. Nothing to do
  Rendered layout layouts/application.html.erb (Duration: 11.8ms | Allocations: 6846)
Completed 200 OK in 20ms (Views: 12.2ms | ActiveRecord: 0.4ms | Allocations: 9011)


Started GET "/blog_posts/4" for ::1 at 2024-06-09 20:07:10 +0530
Processing by BlogPostsController#show as HTML
  Parameters: {"id"=>"4"}
  [1m[36mUser Load (0.6ms)[0m  [1m[34mSELECT "users".* FROM "users" WHERE "users"."id" = $1 ORDER BY "users"."id" ASC LIMIT $2[0m  [["id", 1], ["LIMIT", 1]]
  [1m[36mBlogPost Load (0.8ms)[0m  [1m[34mSELECT "blog_posts".* FROM "blog_posts" WHERE "blog_posts"."id" = $1 LIMIT $2[0m  [["id", 4], ["LIMIT", 1]]
  ↳ app/controllers/blog_posts_controller.rb:44:in `set_blog_post'
  Rendering layout layouts/application.html.erb
  Rendering blog_posts/show.html.erb within layouts/application
  Rendered blog_posts/show.html.erb within layouts/application (Duration: 1.0ms | Allocations: 678)
[Webpacker] Everything's up-to-date. Nothing to do
  Rendered layout layouts/application.html.erb (Duration: 10.8ms | Allocations: 7894)
Completed 200 OK in 51ms (Views: 12.1ms | ActiveRecord: 14.1ms | Allocations: 25053)


Started DELETE "/blog_posts/4" for ::1 at 2024-06-09 20:07:11 +0530
Processing by BlogPostsController#destroy as HTML
  Parameters: {"authenticity_token"=>"[FILTERED]", "commit"=>"Delete", "id"=>"4"}
  [1m[36mUser Load (0.5ms)[0m  [1m[34mSELECT "users".* FROM "users" WHERE "users"."id" = $1 ORDER BY "users"."id" ASC LIMIT $2[0m  [["id", 1], ["LIMIT", 1]]
  [1m[36mBlogPost Load (0.3ms)[0m  [1m[34mSELECT "blog_posts".* FROM "blog_posts" WHERE "blog_posts"."id" = $1 LIMIT $2[0m  [["id", 4], ["LIMIT", 1]]
  ↳ app/controllers/blog_posts_controller.rb:44:in `set_blog_post'
  [1m[36mTRANSACTION (0.1ms)[0m  [1m[35mBEGIN[0m
  ↳ app/controllers/blog_posts_controller.rb:37:in `destroy'
  [1m[36mBlogPost Destroy (1.5ms)[0m  [1m[31mDELETE FROM "blog_posts" WHERE "blog_posts"."id" = $1[0m  [["id", 4]]
  ↳ app/controllers/blog_posts_controller.rb:37:in `destroy'
  [1m[36mTRANSACTION (0.5ms)[0m  [1m[35mCOMMIT[0m
  ↳ app/controllers/blog_posts_controller.rb:37:in `destroy'
Redirected to http://localhost:3000/blog_posts
Completed 302 Found in 11ms (ActiveRecord: 2.9ms | Allocations: 3697)


Started GET "/blog_posts" for ::1 at 2024-06-09 20:07:11 +0530
Processing by BlogPostsController#index as HTML
  [1m[36mUser Load (0.5ms)[0m  [1m[34mSELECT "users".* FROM "users" WHERE "users"."id" = $1 ORDER BY "users"."id" ASC LIMIT $2[0m  [["id", 1], ["LIMIT", 1]]
  Rendering layout layouts/application.html.erb
  Rendering blog_posts/index.html.erb within layouts/application
  [1m[36mBlogPost Load (0.5ms)[0m  [1m[34mSELECT "blog_posts".* FROM "blog_posts"[0m
  ↳ app/views/blog_posts/index.html.erb:3
  Rendered blog_posts/index.html.erb within layouts/application (Duration: 2.5ms | Allocations: 1056)
[Webpacker] Everything's up-to-date. Nothing to do
  Rendered layout layouts/application.html.erb (Duration: 11.6ms | Allocations: 7775)
Completed 200 OK in 18ms (Views: 11.5ms | ActiveRecord: 0.9ms | Allocations: 9494)


Started GET "/blog_posts" for ::1 at 2024-06-09 20:07:45 +0530
Processing by BlogPostsController#index as HTML
  [1m[36mUser Load (0.4ms)[0m  [1m[34mSELECT "users".* FROM "users" WHERE "users"."id" = $1 ORDER BY "users"."id" ASC LIMIT $2[0m  [["id", 1], ["LIMIT", 1]]
  Rendering layout layouts/application.html.erb
  Rendering blog_posts/index.html.erb within layouts/application
  [1m[36mBlogPost Load (0.3ms)[0m  [1m[34mSELECT "blog_posts".* FROM "blog_posts"[0m
  ↳ app/views/blog_posts/index.html.erb:3
  Rendered blog_posts/index.html.erb within layouts/application (Duration: 7.3ms | Allocations: 4285)
[Webpacker] Everything's up-to-date. Nothing to do
  Rendered layout layouts/application.html.erb (Duration: 19.0ms | Allocations: 11564)
Completed 200 OK in 59ms (Views: 17.6ms | ActiveRecord: 29.6ms | Allocations: 22142)


Started GET "/blog_posts/2" for ::1 at 2024-06-09 20:07:46 +0530
Processing by BlogPostsController#show as HTML
  Parameters: {"id"=>"2"}
  [1m[36mUser Load (0.3ms)[0m  [1m[34mSELECT "users".* FROM "users" WHERE "users"."id" = $1 ORDER BY "users"."id" ASC LIMIT $2[0m  [["id", 1], ["LIMIT", 1]]
  [1m[36mBlogPost Load (0.4ms)[0m  [1m[34mSELECT "blog_posts".* FROM "blog_posts" WHERE "blog_posts"."id" = $1 LIMIT $2[0m  [["id", 2], ["LIMIT", 1]]
  ↳ app/controllers/blog_posts_controller.rb:44:in `set_blog_post'
  Rendering layout layouts/application.html.erb
  Rendering blog_posts/show.html.erb within layouts/application
  Rendered blog_posts/show.html.erb within layouts/application (Duration: 2.2ms | Allocations: 632)
[Webpacker] Everything's up-to-date. Nothing to do
  Rendered layout layouts/application.html.erb (Duration: 15.5ms | Allocations: 7244)
Completed 200 OK in 24ms (Views: 16.2ms | ActiveRecord: 0.6ms | Allocations: 10110)


Started DELETE "/blog_posts/2" for ::1 at 2024-06-09 20:07:47 +0530
Processing by BlogPostsController#destroy as HTML
  Parameters: {"authenticity_token"=>"[FILTERED]", "commit"=>"Delete", "id"=>"2"}
  [1m[36mUser Load (0.2ms)[0m  [1m[34mSELECT "users".* FROM "users" WHERE "users"."id" = $1 ORDER BY "users"."id" ASC LIMIT $2[0m  [["id", 1], ["LIMIT", 1]]
  [1m[36mBlogPost Load (0.2ms)[0m  [1m[34mSELECT "blog_posts".* FROM "blog_posts" WHERE "blog_posts"."id" = $1 LIMIT $2[0m  [["id", 2], ["LIMIT", 1]]
  ↳ app/controllers/blog_posts_controller.rb:44:in `set_blog_post'
  [1m[36mTRANSACTION (0.1ms)[0m  [1m[35mBEGIN[0m
  ↳ app/controllers/blog_posts_controller.rb:37:in `destroy'
  [1m[36mBlogPost Destroy (1.1ms)[0m  [1m[31mDELETE FROM "blog_posts" WHERE "blog_posts"."id" = $1[0m  [["id", 2]]
  ↳ app/controllers/blog_posts_controller.rb:37:in `destroy'
  [1m[36mTRANSACTION (0.5ms)[0m  [1m[35mCOMMIT[0m
  ↳ app/controllers/blog_posts_controller.rb:37:in `destroy'
Redirected to http://localhost:3000/blog_posts
Completed 302 Found in 9ms (ActiveRecord: 2.1ms | Allocations: 3622)


Started GET "/blog_posts" for ::1 at 2024-06-09 20:07:47 +0530
Processing by BlogPostsController#index as HTML
  [1m[36mUser Load (0.2ms)[0m  [1m[34mSELECT "users".* FROM "users" WHERE "users"."id" = $1 ORDER BY "users"."id" ASC LIMIT $2[0m  [["id", 1], ["LIMIT", 1]]
  Rendering layout layouts/application.html.erb
  Rendering blog_posts/index.html.erb within layouts/application
  [1m[36mBlogPost Load (0.3ms)[0m  [1m[34mSELECT "blog_posts".* FROM "blog_posts"[0m
  ↳ app/views/blog_posts/index.html.erb:3
  Rendered blog_posts/index.html.erb within layouts/application (Duration: 1.2ms | Allocations: 720)
[Webpacker] Everything's up-to-date. Nothing to do
  Rendered layout layouts/application.html.erb (Duration: 13.3ms | Allocations: 7439)
Completed 200 OK in 17ms (Views: 13.4ms | ActiveRecord: 0.5ms | Allocations: 9094)


Started GET "/blog_posts" for ::1 at 2024-06-09 20:07:58 +0530
Processing by BlogPostsController#index as HTML
  [1m[36mUser Load (0.1ms)[0m  [1m[34mSELECT "users".* FROM "users" WHERE "users"."id" = $1 ORDER BY "users"."id" ASC LIMIT $2[0m  [["id", 1], ["LIMIT", 1]]
  Rendering layout layouts/application.html.erb
  Rendering blog_posts/index.html.erb within layouts/application
  [1m[36mBlogPost Load (0.4ms)[0m  [1m[34mSELECT "blog_posts".* FROM "blog_posts"[0m
  ↳ app/views/blog_posts/index.html.erb:3
  Rendered blog_posts/index.html.erb within layouts/application (Duration: 21.5ms | Allocations: 4241)
[Webpacker] Everything's up-to-date. Nothing to do
  Rendered layout layouts/application.html.erb (Duration: 31.1ms | Allocations: 11568)
Completed 200 OK in 62ms (Views: 18.3ms | ActiveRecord: 18.5ms | Allocations: 22169)


Started GET "/blog_posts/5" for ::1 at 2024-06-09 20:07:59 +0530
Processing by BlogPostsController#show as HTML
  Parameters: {"id"=>"5"}
  [1m[36mUser Load (0.2ms)[0m  [1m[34mSELECT "users".* FROM "users" WHERE "users"."id" = $1 ORDER BY "users"."id" ASC LIMIT $2[0m  [["id", 1], ["LIMIT", 1]]
  [1m[36mBlogPost Load (0.3ms)[0m  [1m[34mSELECT "blog_posts".* FROM "blog_posts" WHERE "blog_posts"."id" = $1 LIMIT $2[0m  [["id", 5], ["LIMIT", 1]]
  ↳ app/controllers/blog_posts_controller.rb:44:in `set_blog_post'
  Rendering layout layouts/application.html.erb
  Rendering blog_posts/show.html.erb within layouts/application
  Rendered blog_posts/show.html.erb within layouts/application (Duration: 2.3ms | Allocations: 616)
[Webpacker] Everything's up-to-date. Nothing to do
  Rendered layout layouts/application.html.erb (Duration: 13.1ms | Allocations: 7229)
Completed 200 OK in 20ms (Views: 13.6ms | ActiveRecord: 0.5ms | Allocations: 10079)


Started DELETE "/blog_posts/5" for ::1 at 2024-06-09 20:08:03 +0530
Processing by BlogPostsController#destroy as HTML
  Parameters: {"authenticity_token"=>"[FILTERED]", "commit"=>"Delete", "id"=>"5"}
  [1m[36mUser Load (0.2ms)[0m  [1m[34mSELECT "users".* FROM "users" WHERE "users"."id" = $1 ORDER BY "users"."id" ASC LIMIT $2[0m  [["id", 1], ["LIMIT", 1]]
  [1m[36mBlogPost Load (0.4ms)[0m  [1m[34mSELECT "blog_posts".* FROM "blog_posts" WHERE "blog_posts"."id" = $1 LIMIT $2[0m  [["id", 5], ["LIMIT", 1]]
  ↳ app/controllers/blog_posts_controller.rb:44:in `set_blog_post'
  [1m[36mTRANSACTION (0.1ms)[0m  [1m[35mBEGIN[0m
  ↳ app/controllers/blog_posts_controller.rb:37:in `destroy'
  [1m[36mBlogPost Destroy (1.1ms)[0m  [1m[31mDELETE FROM "blog_posts" WHERE "blog_posts"."id" = $1[0m  [["id", 5]]
  ↳ app/controllers/blog_posts_controller.rb:37:in `destroy'
  [1m[36mTRANSACTION (0.5ms)[0m  [1m[35mCOMMIT[0m
  ↳ app/controllers/blog_posts_controller.rb:37:in `destroy'
Redirected to http://localhost:3000/blog_posts
Completed 302 Found in 9ms (ActiveRecord: 2.3ms | Allocations: 3635)


Started GET "/blog_posts" for ::1 at 2024-06-09 20:08:03 +0530
Processing by BlogPostsController#index as HTML
  [1m[36mUser Load (0.2ms)[0m  [1m[34mSELECT "users".* FROM "users" WHERE "users"."id" = $1 ORDER BY "users"."id" ASC LIMIT $2[0m  [["id", 1], ["LIMIT", 1]]
  Rendering layout layouts/application.html.erb
  Rendering blog_posts/index.html.erb within layouts/application
  [1m[36mBlogPost Load (0.3ms)[0m  [1m[34mSELECT "blog_posts".* FROM "blog_posts"[0m
  ↳ app/views/blog_posts/index.html.erb:3
  Rendered blog_posts/index.html.erb within layouts/application (Duration: 1.4ms | Allocations: 675)
[Webpacker] Everything's up-to-date. Nothing to do
  Rendered layout layouts/application.html.erb (Duration: 14.4ms | Allocations: 7394)
Completed 200 OK in 18ms (Views: 14.5ms | ActiveRecord: 0.5ms | Allocations: 9055)


